#
# A fatal error has been detected by the Java Runtime Environment:
#
#  SIGSEGV (0xb) at pc=0x00007f6e28e1325a, pid=14921, tid=14936
#
# JRE version: Java(TM) SE Runtime Environment 18.9 (11.0.7+8) (build 11.0.7+8-LTS)
# Java VM: Java HotSpot(TM) 64-Bit Server VM 18.9 (11.0.7+8-LTS, mixed mode, tiered, compressed oops, g1 gc, linux-amd64)
# Problematic frame:
# V  [libjvm.so+0xae925a]  PhaseIdealLoop::is_dominator(Node*, Node*)+0xaa
#
# Core dump will be written. Default location: Core dumps may be processed with "/usr/share/apport/apport %p %s %c %d %P %E" (or dumping to /home/alex/webshop/webshop-java-the-bad-boyzz/core.14921)
#
# If you would like to submit a bug report, please visit:
#   https://bugreport.java.com/bugreport/crash.jsp
#

---------------  S U M M A R Y ------------

Command Line: -Dmaven.multiModuleProjectDirectory=/home/alex/webshop/webshop-java-the-bad-boyzz -Dmaven.home=/snap/intellij-idea-ultimate/228/plugins/maven/lib/maven3 -Dclassworlds.conf=/snap/intellij-idea-ultimate/228/plugins/maven/lib/maven3/bin/m2.conf -Dmaven.ext.class.path=/snap/intellij-idea-ultimate/228/plugins/maven/lib/maven-event-listener.jar -javaagent:/snap/intellij-idea-ultimate/228/lib/idea_rt.jar=34325:/snap/intellij-idea-ultimate/228/bin -Dfile.encoding=UTF-8 org.codehaus.classworlds.Launcher -Didea.version2020.1.2 jetty:run

Host: Intel(R) Core(TM) i7-1065G7 CPU @ 1.30GHz, 8 cores, 15G, Ubuntu 20.04 LTS
Time: Tue Jun 23 12:40:38 2020 EEST elapsed time: 2 seconds (0d 0h 0m 2s)

---------------  T H R E A D  ---------------

Current thread (0x00007f6dcc09f800):  JavaThread "C2 CompilerThread1" daemon [_thread_in_native, id=14936, stack(0x00007f6e0806a000,0x00007f6e0816b000)]


Current CompileTask:
C2:   2511 3635   !   4       org.codehaus.plexus.interpolation.StringSearchInterpolator::interpolate (650 bytes)

Stack: [0x00007f6e0806a000,0x00007f6e0816b000],  sp=0x00007f6e08165ba0,  free space=1006k
Native frames: (J=compiled Java code, A=aot compiled Java code, j=interpreted, Vv=VM code, C=native code)
V  [libjvm.so+0xae925a]  PhaseIdealLoop::is_dominator(Node*, Node*)+0xaa
V  [libjvm.so+0xaf31a7]  PhaseIdealLoop::get_late_ctrl(Node*, Node*)+0x197
V  [libjvm.so+0xaf34a8]  PhaseIdealLoop::build_loop_late_post(Node*)+0x148
V  [libjvm.so+0xaf38eb]  PhaseIdealLoop::build_loop_late(VectorSet&, Node_List&, Node_Stack&)+0x16b
V  [libjvm.so+0xaf656a]  PhaseIdealLoop::build_and_optimize(bool, bool, bool)+0x73a
V  [libjvm.so+0x63c50b]  Compile::Optimize()+0x66b
V  [libjvm.so+0x63d9b2]  Compile::Compile(ciEnv*, C2Compiler*, ciMethod*, int, bool, bool, bool, DirectiveSet*)+0xbc2
V  [libjvm.so+0x548f90]  C2Compiler::compile_method(ciEnv*, ciMethod*, int, DirectiveSet*)+0xc0
V  [libjvm.so+0x647cd0]  CompileBroker::invoke_compiler_on_method(CompileTask*)+0x500
V  [libjvm.so+0x649658]  CompileBroker::compiler_thread_loop()+0x598
V  [libjvm.so+0xe0db4a]  JavaThread::thread_main_inner()+0x1fa
V  [libjvm.so+0xe0deb1]  JavaThread::run()+0x351
V  [libjvm.so+0xe0987a]  Thread::call_run()+0x13a
V  [libjvm.so+0xc5160e]  thread_native_entry(Thread*)+0xee


siginfo: si_signo: 11 (SIGSEGV), si_code: 1 (SEGV_MAPERR), si_addr: 0x000000010000c36a

Register to memory mapping:

RAX=0x0000000000001ac0 is an unknown value
RBX=0x00007f6db81b3698 points into unknown readable memory: a8 3d 75 29 6e 7f 00 00
RCX=0x00007f6dc87cce01 points into unknown readable memory: 65 06 c8 6d 7f 00 00
RDX=0x0 is NULL
RSP=0x00007f6e08165ba0 is pointing into the stack for thread: 0x00007f6dcc09f800
RBP=0x00007f6e08165bc0 is pointing into the stack for thread: 0x00007f6dcc09f800
RSI=0x000000010000c36a is an unknown value
RDI=0x00007f6e08166c10 is pointing into the stack for thread: 0x00007f6dcc09f800
R8 =0x00007f6dc84b5760 points into unknown readable memory: 00 55 75 29 6e 7f 00 00
R9 =0x00007f6dc81738e0 points into unknown readable memory: 50 77 58 d8 6d 7f 00 00
R10=0x00007f6e24926690 points into unknown readable memory: 80 52 75 29 6e 7f 00 00
R11=0x00007f6dc8708d50 points into unknown readable memory: 60 9c 28 cc 6d 7f 00 00
R12=0x00007f6e08166220 is pointing into the stack for thread: 0x00007f6dcc09f800
R13=0x00007f6dcc4bff10 points into unknown readable memory: 00 55 75 29 6e 7f 00 00
R14=0x000000000000007e is an unknown value
R15=0x00007f6dc84b59c8 points into unknown readable memory: 98 cb 74 29 6e 7f 00 00


Registers:
RAX=0x0000000000001ac0, RBX=0x00007f6db81b3698, RCX=0x00007f6dc87cce01, RDX=0x0000000000000000
RSP=0x00007f6e08165ba0, RBP=0x00007f6e08165bc0, RSI=0x000000010000c36a, RDI=0x00007f6e08166c10
R8 =0x00007f6dc84b5760, R9 =0x00007f6dc81738e0, R10=0x00007f6e24926690, R11=0x00007f6dc8708d50
R12=0x00007f6e08166220, R13=0x00007f6dcc4bff10, R14=0x000000000000007e, R15=0x00007f6dc84b59c8
RIP=0x00007f6e28e1325a, EFLAGS=0x0000000000010216, CSGSFS=0x002b000000000033, ERR=0x0000000000000004
  TRAPNO=0x000000000000000e

Top of Stack: (sp=0x00007f6e08165ba0)
0x00007f6e08165ba0:   00007f6e24925090 00007f6dcc4bff10
0x00007f6e08165bb0:   00007f6e08166220 00007f6e249255b8
0x00007f6e08165bc0:   00007f6e08165c40 00007f6e28e1d1a7
0x00007f6e08165bd0:   00007f6dc8173778 00007f6dc81738e0 

Instructions: (pc=0x00007f6e28e1325a)
0x00007f6e28e1323a:   00 44 3b 34 82 0f 87 cb 00 00 00 49 39 dd 0f 84
0x00007f6e28e1324a:   a2 00 00 00 49 8b 94 24 f8 09 00 00 48 8d 34 c2
0x00007f6e28e1325a:   48 8b 1e 48 8b 43 08 48 83 38 00 75 27 41 8b 54
0x00007f6e28e1326a:   24 28 0f 1f 40 00 8b 43 28 39 d0 73 61 49 8b 4c 

Stack slot to memory mapping:
stack at sp + 0 slots: 0x00007f6e24925090 points into unknown readable memory: 30 54 75 29 6e 7f 00 00
stack at sp + 1 slots: 0x00007f6dcc4bff10 points into unknown readable memory: 00 55 75 29 6e 7f 00 00
stack at sp + 2 slots: 0x00007f6e08166220 is pointing into the stack for thread: 0x00007f6dcc09f800
stack at sp + 3 slots: 0x00007f6e249255b8 points into unknown readable memory: 10 65 75 29 6e 7f 00 00
stack at sp + 4 slots: 0x00007f6e08165c40 is pointing into the stack for thread: 0x00007f6dcc09f800
stack at sp + 5 slots: 0x00007f6e28e1d1a7: <offset 0x0000000000af31a7> in /opt/jdk/jdk-11.0.7/lib/server/libjvm.so at 0x00007f6e2832a000
stack at sp + 6 slots: 0x00007f6dc8173778 points into unknown readable memory: 88 46 14 c8 6d 7f 00 00
stack at sp + 7 slots: 0x00007f6dc81738e0 points into unknown readable memory: 50 77 58 d8 6d 7f 00 00


---------------  P R O C E S S  ---------------

Threads class SMR info:
_java_thread_list=0x00007f6dd4002a20, length=13, elements={
0x00007f6e24025000, 0x00007f6e2426a800, 0x00007f6e2426f000, 0x00007f6e24283800,
0x00007f6e24285800, 0x00007f6e24287800, 0x00007f6e24289800, 0x00007f6e2431d800,
0x00007f6dcc09f800, 0x00007f6e243f5800, 0x00007f6e243f6800, 0x00007f6dcc2bc800,
0x00007f6dd4001000
}

Java Threads: ( => current thread )
  0x00007f6e24025000 JavaThread "main" [_thread_in_Java, id=14922, stack(0x00007f6e280da000,0x00007f6e281db000)]
  0x00007f6e2426a800 JavaThread "Reference Handler" daemon [_thread_blocked, id=14929, stack(0x00007f6e08771000,0x00007f6e08872000)]
  0x00007f6e2426f000 JavaThread "Finalizer" daemon [_thread_blocked, id=14930, stack(0x00007f6e08670000,0x00007f6e08771000)]
  0x00007f6e24283800 JavaThread "Signal Dispatcher" daemon [_thread_blocked, id=14931, stack(0x00007f6e0856f000,0x00007f6e08670000)]
  0x00007f6e24285800 JavaThread "C2 CompilerThread0" daemon [_thread_in_native, id=14932, stack(0x00007f6e0846e000,0x00007f6e0856f000)]
  0x00007f6e24287800 JavaThread "C1 CompilerThread0" daemon [_thread_in_native, id=14933, stack(0x00007f6e0836d000,0x00007f6e0846e000)]
  0x00007f6e24289800 JavaThread "Sweeper thread" daemon [_thread_blocked, id=14934, stack(0x00007f6e0826c000,0x00007f6e0836d000)]
  0x00007f6e2431d800 JavaThread "Common-Cleaner" daemon [_thread_blocked, id=14935, stack(0x00007f6e0816b000,0x00007f6e0826c000)]
=>0x00007f6dcc09f800 JavaThread "C2 CompilerThread1" daemon [_thread_in_native, id=14936, stack(0x00007f6e0806a000,0x00007f6e0816b000)]
  0x00007f6e243f5800 JavaThread "Monitor Ctrl-Break" daemon [_thread_in_native, id=14937, stack(0x00007f6df4e55000,0x00007f6df4f56000)]
  0x00007f6e243f6800 JavaThread "Service Thread" daemon [_thread_blocked, id=14938, stack(0x00007f6df4d54000,0x00007f6df4e55000)]
  0x00007f6dcc2bc800 JavaThread "C2 CompilerThread2" daemon [_thread_in_native, id=14940, stack(0x00007f6df434b000,0x00007f6df444c000)]
  0x00007f6dd4001000 JavaThread "Attach Listener" daemon [_thread_blocked, id=14945, stack(0x00007f6db37f9000,0x00007f6db38fa000)]

Other Threads:
  0x00007f6e24262800 VMThread "VM Thread" [stack: 0x00007f6e08874000,0x00007f6e08974000] [id=14928]
  0x00007f6e243f2800 WatcherThread [stack: 0x00007f6df4c54000,0x00007f6df4d54000] [id=14939]
  0x00007f6e2403a000 GCTaskThread "GC Thread#0" [stack: 0x00007f6e0be27000,0x00007f6e0bf27000] [id=14923]
  0x00007f6de8001000 GCTaskThread "GC Thread#1" [stack: 0x00007f6df404b000,0x00007f6df414b000] [id=14941]
  0x00007f6de8002800 GCTaskThread "GC Thread#2" [stack: 0x00007f6db3f00000,0x00007f6db4000000] [id=14942]
  0x00007f6de8004000 GCTaskThread "GC Thread#3" [stack: 0x00007f6db3dfe000,0x00007f6db3efe000] [id=14943]
  0x00007f6de8005800 GCTaskThread "GC Thread#4" [stack: 0x00007f6db3cfc000,0x00007f6db3dfc000] [id=14944]
  0x00007f6e24097000 ConcurrentGCThread "G1 Main Marker" [stack: 0x00007f6e09d05000,0x00007f6e09e05000] [id=14924]
  0x00007f6e24099000 ConcurrentGCThread "G1 Conc#0" [stack: 0x00007f6e09c03000,0x00007f6e09d03000] [id=14925]
  0x00007f6df8001000 ConcurrentGCThread "G1 Conc#1" [stack: 0x00007f6db34f9000,0x00007f6db35f9000] [id=14946]
  0x00007f6e24196800 ConcurrentGCThread "G1 Refine#0" [stack: 0x00007f6e092f9000,0x00007f6e093f9000] [id=14926]
  0x00007f6e24198800 ConcurrentGCThread "G1 Young RemSet Sampling" [stack: 0x00007f6e091f7000,0x00007f6e092f7000] [id=14927]

Threads with active compile tasks:
C2 CompilerThread03698       4       org.apache.maven.model.inheritance.DefaultInheritanceAssembler$InheritanceModelMerger::mergePluginContainer_Plugins (430 bytes)
C2 CompilerThread13635   !   4       org.codehaus.plexus.interpolation.StringSearchInterpolator::interpolate (650 bytes)
C2 CompilerThread23807       4       org.eclipse.aether.util.graph.transformer.ConflictResolver::gatherConflictItems (111 bytes)

VM state:not at safepoint (normal execution)

VM Mutex/Monitor currently owned by a thread: None

Heap address: 0x0000000709a00000, size: 3942 MB, Compressed Oops mode: Zero based, Oop shift amount: 3
Narrow klass base: 0x0000000800000000, Narrow klass shift: 0
Compressed class space size: 1073741824 Address: 0x0000000800000000

Heap:
 garbage-first heap   total 253952K, used 82282K [0x0000000709a00000, 0x0000000800000000)
  region size 1024K, 78 young (79872K), 6 survivors (6144K)
 Metaspace       used 23603K, capacity 24111K, committed 24624K, reserved 1071104K
  class space    used 2423K, capacity 2607K, committed 2688K, reserved 1048576K
Heap Regions: E=young(eden), S=young(survivor), O=old, HS=humongous(starts), HC=humongous(continues), CS=collection set, F=free, A=archive, TAMS=top-at-mark-start (previous, next)
|   0|0x0000000709a00000, 0x0000000709b00000, 0x0000000709b00000|100%| O|  |TAMS 0x0000000709a9cc00, 0x0000000709a00000| Untracked 
|   1|0x0000000709b00000, 0x0000000709c00000, 0x0000000709c00000|100%| O|  |TAMS 0x0000000709b00000, 0x0000000709b00000| Untracked 
|   2|0x0000000709c00000, 0x0000000709d00000, 0x0000000709d00000|100%| O|  |TAMS 0x0000000709c00000, 0x0000000709c00000| Untracked 
|   3|0x0000000709d00000, 0x0000000709d62c00, 0x0000000709e00000| 38%| O|  |TAMS 0x0000000709d00000, 0x0000000709d00000| Untracked 
|   4|0x0000000709e00000, 0x0000000709e00000, 0x0000000709f00000|  0%| F|  |TAMS 0x0000000709e00000, 0x0000000709e00000| Untracked 
|   5|0x0000000709f00000, 0x0000000709f00000, 0x000000070a000000|  0%| F|  |TAMS 0x0000000709f00000, 0x0000000709f00000| Untracked 
|   6|0x000000070a000000, 0x000000070a000000, 0x000000070a100000|  0%| F|  |TAMS 0x000000070a000000, 0x000000070a000000| Untracked 
|   7|0x000000070a100000, 0x000000070a100000, 0x000000070a200000|  0%| F|  |TAMS 0x000000070a100000, 0x000000070a100000| Untracked 
|   8|0x000000070a200000, 0x000000070a200000, 0x000000070a300000|  0%| F|  |TAMS 0x000000070a200000, 0x000000070a200000| Untracked 
|   9|0x000000070a300000, 0x000000070a300000, 0x000000070a400000|  0%| F|  |TAMS 0x000000070a300000, 0x000000070a300000| Untracked 
|  10|0x000000070a400000, 0x000000070a400000, 0x000000070a500000|  0%| F|  |TAMS 0x000000070a400000, 0x000000070a400000| Untracked 
|  11|0x000000070a500000, 0x000000070a500000, 0x000000070a600000|  0%| F|  |TAMS 0x000000070a500000, 0x000000070a500000| Untracked 
|  12|0x000000070a600000, 0x000000070a600000, 0x000000070a700000|  0%| F|  |TAMS 0x000000070a600000, 0x000000070a600000| Untracked 
|  13|0x000000070a700000, 0x000000070a700000, 0x000000070a800000|  0%| F|  |TAMS 0x000000070a700000, 0x000000070a700000| Untracked 
|  14|0x000000070a800000, 0x000000070a800000, 0x000000070a900000|  0%| F|  |TAMS 0x000000070a800000, 0x000000070a800000| Untracked 
|  15|0x000000070a900000, 0x000000070a900000, 0x000000070aa00000|  0%| F|  |TAMS 0x000000070a900000, 0x000000070a900000| Untracked 
|  16|0x000000070aa00000, 0x000000070aa00000, 0x000000070ab00000|  0%| F|  |TAMS 0x000000070aa00000, 0x000000070aa00000| Untracked 
|  17|0x000000070ab00000, 0x000000070ab00000, 0x000000070ac00000|  0%| F|  |TAMS 0x000000070ab00000, 0x000000070ab00000| Untracked 
|  18|0x000000070ac00000, 0x000000070ac00000, 0x000000070ad00000|  0%| F|  |TAMS 0x000000070ac00000, 0x000000070ac00000| Untracked 
|  19|0x000000070ad00000, 0x000000070ad00000, 0x000000070ae00000|  0%| F|  |TAMS 0x000000070ad00000, 0x000000070ad00000| Untracked 
|  20|0x000000070ae00000, 0x000000070ae00000, 0x000000070af00000|  0%| F|  |TAMS 0x000000070ae00000, 0x000000070ae00000| Untracked 
|  21|0x000000070af00000, 0x000000070af00000, 0x000000070b000000|  0%| F|  |TAMS 0x000000070af00000, 0x000000070af00000| Untracked 
|  22|0x000000070b000000, 0x000000070b000000, 0x000000070b100000|  0%| F|  |TAMS 0x000000070b000000, 0x000000070b000000| Untracked 
|  23|0x000000070b100000, 0x000000070b100000, 0x000000070b200000|  0%| F|  |TAMS 0x000000070b100000, 0x000000070b100000| Untracked 
|  24|0x000000070b200000, 0x000000070b200000, 0x000000070b300000|  0%| F|  |TAMS 0x000000070b200000, 0x000000070b200000| Untracked 
|  25|0x000000070b300000, 0x000000070b300000, 0x000000070b400000|  0%| F|  |TAMS 0x000000070b300000, 0x000000070b300000| Untracked 
|  26|0x000000070b400000, 0x000000070b400000, 0x000000070b500000|  0%| F|  |TAMS 0x000000070b400000, 0x000000070b400000| Untracked 
|  27|0x000000070b500000, 0x000000070b500000, 0x000000070b600000|  0%| F|  |TAMS 0x000000070b500000, 0x000000070b500000| Untracked 
|  28|0x000000070b600000, 0x000000070b600000, 0x000000070b700000|  0%| F|  |TAMS 0x000000070b600000, 0x000000070b600000| Untracked 
|  29|0x000000070b700000, 0x000000070b700000, 0x000000070b800000|  0%| F|  |TAMS 0x000000070b700000, 0x000000070b700000| Untracked 
|  30|0x000000070b800000, 0x000000070b800000, 0x000000070b900000|  0%| F|  |TAMS 0x000000070b800000, 0x000000070b800000| Untracked 
|  31|0x000000070b900000, 0x000000070b900000, 0x000000070ba00000|  0%| F|  |TAMS 0x000000070b900000, 0x000000070b900000| Untracked 
|  32|0x000000070ba00000, 0x000000070ba00000, 0x000000070bb00000|  0%| F|  |TAMS 0x000000070ba00000, 0x000000070ba00000| Untracked 
|  33|0x000000070bb00000, 0x000000070bb00000, 0x000000070bc00000|  0%| F|  |TAMS 0x000000070bb00000, 0x000000070bb00000| Untracked 
|  34|0x000000070bc00000, 0x000000070bc00000, 0x000000070bd00000|  0%| F|  |TAMS 0x000000070bc00000, 0x000000070bc00000| Untracked 
|  35|0x000000070bd00000, 0x000000070bd00000, 0x000000070be00000|  0%| F|  |TAMS 0x000000070bd00000, 0x000000070bd00000| Untracked 
|  36|0x000000070be00000, 0x000000070be00000, 0x000000070bf00000|  0%| F|  |TAMS 0x000000070be00000, 0x000000070be00000| Untracked 
|  37|0x000000070bf00000, 0x000000070bf00000, 0x000000070c000000|  0%| F|  |TAMS 0x000000070bf00000, 0x000000070bf00000| Untracked 
|  38|0x000000070c000000, 0x000000070c000000, 0x000000070c100000|  0%| F|  |TAMS 0x000000070c000000, 0x000000070c000000| Untracked 
|  39|0x000000070c100000, 0x000000070c100000, 0x000000070c200000|  0%| F|  |TAMS 0x000000070c100000, 0x000000070c100000| Untracked 
|  40|0x000000070c200000, 0x000000070c200000, 0x000000070c300000|  0%| F|  |TAMS 0x000000070c200000, 0x000000070c200000| Untracked 
|  41|0x000000070c300000, 0x000000070c300000, 0x000000070c400000|  0%| F|  |TAMS 0x000000070c300000, 0x000000070c300000| Untracked 
|  42|0x000000070c400000, 0x000000070c400000, 0x000000070c500000|  0%| F|  |TAMS 0x000000070c400000, 0x000000070c400000| Untracked 
|  43|0x000000070c500000, 0x000000070c500000, 0x000000070c600000|  0%| F|  |TAMS 0x000000070c500000, 0x000000070c500000| Untracked 
|  44|0x000000070c600000, 0x000000070c600000, 0x000000070c700000|  0%| F|  |TAMS 0x000000070c600000, 0x000000070c600000| Untracked 
|  45|0x000000070c700000, 0x000000070c700000, 0x000000070c800000|  0%| F|  |TAMS 0x000000070c700000, 0x000000070c700000| Untracked 
|  46|0x000000070c800000, 0x000000070c800000, 0x000000070c900000|  0%| F|  |TAMS 0x000000070c800000, 0x000000070c800000| Untracked 
|  47|0x000000070c900000, 0x000000070c900000, 0x000000070ca00000|  0%| F|  |TAMS 0x000000070c900000, 0x000000070c900000| Untracked 
|  48|0x000000070ca00000, 0x000000070ca00000, 0x000000070cb00000|  0%| F|  |TAMS 0x000000070ca00000, 0x000000070ca00000| Untracked 
|  49|0x000000070cb00000, 0x000000070cb00000, 0x000000070cc00000|  0%| F|  |TAMS 0x000000070cb00000, 0x000000070cb00000| Untracked 
|  50|0x000000070cc00000, 0x000000070cc00000, 0x000000070cd00000|  0%| F|  |TAMS 0x000000070cc00000, 0x000000070cc00000| Untracked 
|  51|0x000000070cd00000, 0x000000070cd00000, 0x000000070ce00000|  0%| F|  |TAMS 0x000000070cd00000, 0x000000070cd00000| Untracked 
|  52|0x000000070ce00000, 0x000000070ce00000, 0x000000070cf00000|  0%| F|  |TAMS 0x000000070ce00000, 0x000000070ce00000| Untracked 
|  53|0x000000070cf00000, 0x000000070cf00000, 0x000000070d000000|  0%| F|  |TAMS 0x000000070cf00000, 0x000000070cf00000| Untracked 
|  54|0x000000070d000000, 0x000000070d000000, 0x000000070d100000|  0%| F|  |TAMS 0x000000070d000000, 0x000000070d000000| Untracked 
|  55|0x000000070d100000, 0x000000070d100000, 0x000000070d200000|  0%| F|  |TAMS 0x000000070d100000, 0x000000070d100000| Untracked 
|  56|0x000000070d200000, 0x000000070d200000, 0x000000070d300000|  0%| F|  |TAMS 0x000000070d200000, 0x000000070d200000| Untracked 
|  57|0x000000070d300000, 0x000000070d300000, 0x000000070d400000|  0%| F|  |TAMS 0x000000070d300000, 0x000000070d300000| Untracked 
|  58|0x000000070d400000, 0x000000070d400000, 0x000000070d500000|  0%| F|  |TAMS 0x000000070d400000, 0x000000070d400000| Untracked 
|  59|0x000000070d500000, 0x000000070d500000, 0x000000070d600000|  0%| F|  |TAMS 0x000000070d500000, 0x000000070d500000| Untracked 
|  60|0x000000070d600000, 0x000000070d600000, 0x000000070d700000|  0%| F|  |TAMS 0x000000070d600000, 0x000000070d600000| Untracked 
|  61|0x000000070d700000, 0x000000070d700000, 0x000000070d800000|  0%| F|  |TAMS 0x000000070d700000, 0x000000070d700000| Untracked 
|  62|0x000000070d800000, 0x000000070d800000, 0x000000070d900000|  0%| F|  |TAMS 0x000000070d800000, 0x000000070d800000| Untracked 
|  63|0x000000070d900000, 0x000000070d900000, 0x000000070da00000|  0%| F|  |TAMS 0x000000070d900000, 0x000000070d900000| Untracked 
|  64|0x000000070da00000, 0x000000070da00000, 0x000000070db00000|  0%| F|  |TAMS 0x000000070da00000, 0x000000070da00000| Untracked 
|  65|0x000000070db00000, 0x000000070db00000, 0x000000070dc00000|  0%| F|  |TAMS 0x000000070db00000, 0x000000070db00000| Untracked 
|  66|0x000000070dc00000, 0x000000070dc00000, 0x000000070dd00000|  0%| F|  |TAMS 0x000000070dc00000, 0x000000070dc00000| Untracked 
|  67|0x000000070dd00000, 0x000000070dd00000, 0x000000070de00000|  0%| F|  |TAMS 0x000000070dd00000, 0x000000070dd00000| Untracked 
|  68|0x000000070de00000, 0x000000070de00000, 0x000000070df00000|  0%| F|  |TAMS 0x000000070de00000, 0x000000070de00000| Untracked 
|  69|0x000000070df00000, 0x000000070df00000, 0x000000070e000000|  0%| F|  |TAMS 0x000000070df00000, 0x000000070df00000| Untracked 
|  70|0x000000070e000000, 0x000000070e000000, 0x000000070e100000|  0%| F|  |TAMS 0x000000070e000000, 0x000000070e000000| Untracked 
|  71|0x000000070e100000, 0x000000070e100000, 0x000000070e200000|  0%| F|  |TAMS 0x000000070e100000, 0x000000070e100000| Untracked 
|  72|0x000000070e200000, 0x000000070e200000, 0x000000070e300000|  0%| F|  |TAMS 0x000000070e200000, 0x000000070e200000| Untracked 
|  73|0x000000070e300000, 0x000000070e300000, 0x000000070e400000|  0%| F|  |TAMS 0x000000070e300000, 0x000000070e300000| Untracked 
|  74|0x000000070e400000, 0x000000070e400000, 0x000000070e500000|  0%| F|  |TAMS 0x000000070e400000, 0x000000070e400000| Untracked 
|  75|0x000000070e500000, 0x000000070e500000, 0x000000070e600000|  0%| F|  |TAMS 0x000000070e500000, 0x000000070e500000| Untracked 
|  76|0x000000070e600000, 0x000000070e600000, 0x000000070e700000|  0%| F|  |TAMS 0x000000070e600000, 0x000000070e600000| Untracked 
|  77|0x000000070e700000, 0x000000070e700000, 0x000000070e800000|  0%| F|  |TAMS 0x000000070e700000, 0x000000070e700000| Untracked 
|  78|0x000000070e800000, 0x000000070e800000, 0x000000070e900000|  0%| F|  |TAMS 0x000000070e800000, 0x000000070e800000| Untracked 
|  79|0x000000070e900000, 0x000000070e900000, 0x000000070ea00000|  0%| F|  |TAMS 0x000000070e900000, 0x000000070e900000| Untracked 
|  80|0x000000070ea00000, 0x000000070ea00000, 0x000000070eb00000|  0%| F|  |TAMS 0x000000070ea00000, 0x000000070ea00000| Untracked 
|  81|0x000000070eb00000, 0x000000070eb00000, 0x000000070ec00000|  0%| F|  |TAMS 0x000000070eb00000, 0x000000070eb00000| Untracked 
|  82|0x000000070ec00000, 0x000000070ec00000, 0x000000070ed00000|  0%| F|  |TAMS 0x000000070ec00000, 0x000000070ec00000| Untracked 
|  83|0x000000070ed00000, 0x000000070ed00000, 0x000000070ee00000|  0%| F|  |TAMS 0x000000070ed00000, 0x000000070ed00000| Untracked 
|  84|0x000000070ee00000, 0x000000070ee00000, 0x000000070ef00000|  0%| F|  |TAMS 0x000000070ee00000, 0x000000070ee00000| Untracked 
|  85|0x000000070ef00000, 0x000000070ef00000, 0x000000070f000000|  0%| F|  |TAMS 0x000000070ef00000, 0x000000070ef00000| Untracked 
|  86|0x000000070f000000, 0x000000070f000000, 0x000000070f100000|  0%| F|  |TAMS 0x000000070f000000, 0x000000070f000000| Untracked 
|  87|0x000000070f100000, 0x000000070f100000, 0x000000070f200000|  0%| F|  |TAMS 0x000000070f100000, 0x000000070f100000| Untracked 
|  88|0x000000070f200000, 0x000000070f200000, 0x000000070f300000|  0%| F|  |TAMS 0x000000070f200000, 0x000000070f200000| Untracked 
|  89|0x000000070f300000, 0x000000070f300000, 0x000000070f400000|  0%| F|  |TAMS 0x000000070f300000, 0x000000070f300000| Untracked 
|  90|0x000000070f400000, 0x000000070f400000, 0x000000070f500000|  0%| F|  |TAMS 0x000000070f400000, 0x000000070f400000| Untracked 
|  91|0x000000070f500000, 0x000000070f500000, 0x000000070f600000|  0%| F|  |TAMS 0x000000070f500000, 0x000000070f500000| Untracked 
|  92|0x000000070f600000, 0x000000070f600000, 0x000000070f700000|  0%| F|  |TAMS 0x000000070f600000, 0x000000070f600000| Untracked 
|  93|0x000000070f700000, 0x000000070f700000, 0x000000070f800000|  0%| F|  |TAMS 0x000000070f700000, 0x000000070f700000| Untracked 
|  94|0x000000070f800000, 0x000000070f800000, 0x000000070f900000|  0%| F|  |TAMS 0x000000070f800000, 0x000000070f800000| Untracked 
|  95|0x000000070f900000, 0x000000070f900000, 0x000000070fa00000|  0%| F|  |TAMS 0x000000070f900000, 0x000000070f900000| Untracked 
|  96|0x000000070fa00000, 0x000000070fa00000, 0x000000070fb00000|  0%| F|  |TAMS 0x000000070fa00000, 0x000000070fa00000| Untracked 
|  97|0x000000070fb00000, 0x000000070fb00000, 0x000000070fc00000|  0%| F|  |TAMS 0x000000070fb00000, 0x000000070fb00000| Untracked 
|  98|0x000000070fc00000, 0x000000070fc00000, 0x000000070fd00000|  0%| F|  |TAMS 0x000000070fc00000, 0x000000070fc00000| Untracked 
|  99|0x000000070fd00000, 0x000000070fd00000, 0x000000070fe00000|  0%| F|  |TAMS 0x000000070fd00000, 0x000000070fd00000| Untracked 
| 100|0x000000070fe00000, 0x000000070fe00000, 0x000000070ff00000|  0%| F|  |TAMS 0x000000070fe00000, 0x000000070fe00000| Untracked 
| 101|0x000000070ff00000, 0x000000070ff00000, 0x0000000710000000|  0%| F|  |TAMS 0x000000070ff00000, 0x000000070ff00000| Untracked 
| 102|0x0000000710000000, 0x0000000710000000, 0x0000000710100000|  0%| F|  |TAMS 0x0000000710000000, 0x0000000710000000| Untracked 
| 103|0x0000000710100000, 0x0000000710100000, 0x0000000710200000|  0%| F|  |TAMS 0x0000000710100000, 0x0000000710100000| Untracked 
| 104|0x0000000710200000, 0x0000000710200000, 0x0000000710300000|  0%| F|  |TAMS 0x0000000710200000, 0x0000000710200000| Untracked 
| 105|0x0000000710300000, 0x0000000710300000, 0x0000000710400000|  0%| F|  |TAMS 0x0000000710300000, 0x0000000710300000| Untracked 
| 106|0x0000000710400000, 0x0000000710400000, 0x0000000710500000|  0%| F|  |TAMS 0x0000000710400000, 0x0000000710400000| Untracked 
| 107|0x0000000710500000, 0x0000000710500000, 0x0000000710600000|  0%| F|  |TAMS 0x0000000710500000, 0x0000000710500000| Untracked 
| 108|0x0000000710600000, 0x0000000710600000, 0x0000000710700000|  0%| F|  |TAMS 0x0000000710600000, 0x0000000710600000| Untracked 
| 109|0x0000000710700000, 0x0000000710700000, 0x0000000710800000|  0%| F|  |TAMS 0x0000000710700000, 0x0000000710700000| Untracked 
| 110|0x0000000710800000, 0x0000000710800000, 0x0000000710900000|  0%| F|  |TAMS 0x0000000710800000, 0x0000000710800000| Untracked 
| 111|0x0000000710900000, 0x0000000710900000, 0x0000000710a00000|  0%| F|  |TAMS 0x0000000710900000, 0x0000000710900000| Untracked 
| 112|0x0000000710a00000, 0x0000000710a00000, 0x0000000710b00000|  0%| F|  |TAMS 0x0000000710a00000, 0x0000000710a00000| Untracked 
| 113|0x0000000710b00000, 0x0000000710b00000, 0x0000000710c00000|  0%| F|  |TAMS 0x0000000710b00000, 0x0000000710b00000| Untracked 
| 114|0x0000000710c00000, 0x0000000710c00000, 0x0000000710d00000|  0%| F|  |TAMS 0x0000000710c00000, 0x0000000710c00000| Untracked 
| 115|0x0000000710d00000, 0x0000000710d00000, 0x0000000710e00000|  0%| F|  |TAMS 0x0000000710d00000, 0x0000000710d00000| Untracked 
| 116|0x0000000710e00000, 0x0000000710e00000, 0x0000000710f00000|  0%| F|  |TAMS 0x0000000710e00000, 0x0000000710e00000| Untracked 
| 117|0x0000000710f00000, 0x0000000710f00000, 0x0000000711000000|  0%| F|  |TAMS 0x0000000710f00000, 0x0000000710f00000| Untracked 
| 118|0x0000000711000000, 0x0000000711000000, 0x0000000711100000|  0%| F|  |TAMS 0x0000000711000000, 0x0000000711000000| Untracked 
| 119|0x0000000711100000, 0x0000000711100000, 0x0000000711200000|  0%| F|  |TAMS 0x0000000711100000, 0x0000000711100000| Untracked 
| 120|0x0000000711200000, 0x0000000711200000, 0x0000000711300000|  0%| F|  |TAMS 0x0000000711200000, 0x0000000711200000| Untracked 
| 121|0x0000000711300000, 0x0000000711300000, 0x0000000711400000|  0%| F|  |TAMS 0x0000000711300000, 0x0000000711300000| Untracked 
| 122|0x0000000711400000, 0x0000000711400000, 0x0000000711500000|  0%| F|  |TAMS 0x0000000711400000, 0x0000000711400000| Untracked 
| 123|0x0000000711500000, 0x0000000711500000, 0x0000000711600000|  0%| F|  |TAMS 0x0000000711500000, 0x0000000711500000| Untracked 
| 124|0x0000000711600000, 0x0000000711600000, 0x0000000711700000|  0%| F|  |TAMS 0x0000000711600000, 0x0000000711600000| Untracked 
| 125|0x0000000711700000, 0x0000000711700000, 0x0000000711800000|  0%| F|  |TAMS 0x0000000711700000, 0x0000000711700000| Untracked 
| 126|0x0000000711800000, 0x0000000711800000, 0x0000000711900000|  0%| F|  |TAMS 0x0000000711800000, 0x0000000711800000| Untracked 
| 127|0x0000000711900000, 0x0000000711900000, 0x0000000711a00000|  0%| F|  |TAMS 0x0000000711900000, 0x0000000711900000| Untracked 
| 128|0x0000000711a00000, 0x0000000711a00000, 0x0000000711b00000|  0%| F|  |TAMS 0x0000000711a00000, 0x0000000711a00000| Untracked 
| 129|0x0000000711b00000, 0x0000000711b00000, 0x0000000711c00000|  0%| F|  |TAMS 0x0000000711b00000, 0x0000000711b00000| Untracked 
| 130|0x0000000711c00000, 0x0000000711c00000, 0x0000000711d00000|  0%| F|  |TAMS 0x0000000711c00000, 0x0000000711c00000| Untracked 
| 131|0x0000000711d00000, 0x0000000711d00000, 0x0000000711e00000|  0%| F|  |TAMS 0x0000000711d00000, 0x0000000711d00000| Untracked 
| 132|0x0000000711e00000, 0x0000000711e00000, 0x0000000711f00000|  0%| F|  |TAMS 0x0000000711e00000, 0x0000000711e00000| Untracked 
| 133|0x0000000711f00000, 0x0000000711f00000, 0x0000000712000000|  0%| F|  |TAMS 0x0000000711f00000, 0x0000000711f00000| Untracked 
| 134|0x0000000712000000, 0x0000000712000000, 0x0000000712100000|  0%| F|  |TAMS 0x0000000712000000, 0x0000000712000000| Untracked 
| 135|0x0000000712100000, 0x0000000712100000, 0x0000000712200000|  0%| F|  |TAMS 0x0000000712100000, 0x0000000712100000| Untracked 
| 136|0x0000000712200000, 0x0000000712200000, 0x0000000712300000|  0%| F|  |TAMS 0x0000000712200000, 0x0000000712200000| Untracked 
| 137|0x0000000712300000, 0x0000000712300000, 0x0000000712400000|  0%| F|  |TAMS 0x0000000712300000, 0x0000000712300000| Untracked 
| 138|0x0000000712400000, 0x0000000712400000, 0x0000000712500000|  0%| F|  |TAMS 0x0000000712400000, 0x0000000712400000| Untracked 
| 139|0x0000000712500000, 0x0000000712500000, 0x0000000712600000|  0%| F|  |TAMS 0x0000000712500000, 0x0000000712500000| Untracked 
| 140|0x0000000712600000, 0x0000000712600000, 0x0000000712700000|  0%| F|  |TAMS 0x0000000712600000, 0x0000000712600000| Untracked 
| 141|0x0000000712700000, 0x0000000712700000, 0x0000000712800000|  0%| F|  |TAMS 0x0000000712700000, 0x0000000712700000| Untracked 
| 142|0x0000000712800000, 0x0000000712800000, 0x0000000712900000|  0%| F|  |TAMS 0x0000000712800000, 0x0000000712800000| Untracked 
| 143|0x0000000712900000, 0x0000000712900000, 0x0000000712a00000|  0%| F|  |TAMS 0x0000000712900000, 0x0000000712900000| Untracked 
| 144|0x0000000712a00000, 0x0000000712a00000, 0x0000000712b00000|  0%| F|  |TAMS 0x0000000712a00000, 0x0000000712a00000| Untracked 
| 145|0x0000000712b00000, 0x0000000712b00000, 0x0000000712c00000|  0%| F|  |TAMS 0x0000000712b00000, 0x0000000712b00000| Untracked 
| 146|0x0000000712c00000, 0x0000000712c00000, 0x0000000712d00000|  0%| F|  |TAMS 0x0000000712c00000, 0x0000000712c00000| Untracked 
| 147|0x0000000712d00000, 0x0000000712d00000, 0x0000000712e00000|  0%| F|  |TAMS 0x0000000712d00000, 0x0000000712d00000| Untracked 
| 148|0x0000000712e00000, 0x0000000712e00000, 0x0000000712f00000|  0%| F|  |TAMS 0x0000000712e00000, 0x0000000712e00000| Untracked 
| 149|0x0000000712f00000, 0x0000000712f00000, 0x0000000713000000|  0%| F|  |TAMS 0x0000000712f00000, 0x0000000712f00000| Untracked 
| 150|0x0000000713000000, 0x0000000713000000, 0x0000000713100000|  0%| F|  |TAMS 0x0000000713000000, 0x0000000713000000| Untracked 
| 151|0x0000000713100000, 0x0000000713100000, 0x0000000713200000|  0%| F|  |TAMS 0x0000000713100000, 0x0000000713100000| Untracked 
| 152|0x0000000713200000, 0x0000000713200000, 0x0000000713300000|  0%| F|  |TAMS 0x0000000713200000, 0x0000000713200000| Untracked 
| 153|0x0000000713300000, 0x0000000713300000, 0x0000000713400000|  0%| F|  |TAMS 0x0000000713300000, 0x0000000713300000| Untracked 
| 154|0x0000000713400000, 0x0000000713400000, 0x0000000713500000|  0%| F|  |TAMS 0x0000000713400000, 0x0000000713400000| Untracked 
| 155|0x0000000713500000, 0x0000000713500000, 0x0000000713600000|  0%| F|  |TAMS 0x0000000713500000, 0x0000000713500000| Untracked 
| 156|0x0000000713600000, 0x0000000713600000, 0x0000000713700000|  0%| F|  |TAMS 0x0000000713600000, 0x0000000713600000| Untracked 
| 157|0x0000000713700000, 0x0000000713700000, 0x0000000713800000|  0%| F|  |TAMS 0x0000000713700000, 0x0000000713700000| Untracked 
| 158|0x0000000713800000, 0x0000000713800000, 0x0000000713900000|  0%| F|  |TAMS 0x0000000713800000, 0x0000000713800000| Untracked 
| 159|0x0000000713900000, 0x0000000713900000, 0x0000000713a00000|  0%| F|  |TAMS 0x0000000713900000, 0x0000000713900000| Untracked 
| 160|0x0000000713a00000, 0x0000000713a00000, 0x0000000713b00000|  0%| F|  |TAMS 0x0000000713a00000, 0x0000000713a00000| Untracked 
| 161|0x0000000713b00000, 0x0000000713b00000, 0x0000000713c00000|  0%| F|  |TAMS 0x0000000713b00000, 0x0000000713b00000| Untracked 
| 162|0x0000000713c00000, 0x0000000713c00000, 0x0000000713d00000|  0%| F|  |TAMS 0x0000000713c00000, 0x0000000713c00000| Untracked 
| 163|0x0000000713d00000, 0x0000000713d00000, 0x0000000713e00000|  0%| F|  |TAMS 0x0000000713d00000, 0x0000000713d00000| Untracked 
| 164|0x0000000713e00000, 0x0000000713e00000, 0x0000000713f00000|  0%| F|  |TAMS 0x0000000713e00000, 0x0000000713e00000| Untracked 
| 165|0x0000000713f00000, 0x0000000713f00000, 0x0000000714000000|  0%| F|  |TAMS 0x0000000713f00000, 0x0000000713f00000| Untracked 
| 166|0x0000000714000000, 0x0000000714000000, 0x0000000714100000|  0%| F|  |TAMS 0x0000000714000000, 0x0000000714000000| Untracked 
| 167|0x0000000714100000, 0x0000000714100000, 0x0000000714200000|  0%| F|  |TAMS 0x0000000714100000, 0x0000000714100000| Untracked 
| 168|0x0000000714200000, 0x0000000714200000, 0x0000000714300000|  0%| F|  |TAMS 0x0000000714200000, 0x0000000714200000| Untracked 
| 169|0x0000000714300000, 0x0000000714380800, 0x0000000714400000| 50%| E|  |TAMS 0x0000000714300000, 0x0000000714300000| Complete 
| 170|0x0000000714400000, 0x0000000714500000, 0x0000000714500000|100%| E|CS|TAMS 0x0000000714400000, 0x0000000714400000| Complete 
| 171|0x0000000714500000, 0x0000000714600000, 0x0000000714600000|100%| E|CS|TAMS 0x0000000714500000, 0x0000000714500000| Complete 
| 172|0x0000000714600000, 0x0000000714700000, 0x0000000714700000|100%| E|CS|TAMS 0x0000000714600000, 0x0000000714600000| Complete 
| 173|0x0000000714700000, 0x0000000714800000, 0x0000000714800000|100%| E|CS|TAMS 0x0000000714700000, 0x0000000714700000| Complete 
| 174|0x0000000714800000, 0x0000000714900000, 0x0000000714900000|100%| E|CS|TAMS 0x0000000714800000, 0x0000000714800000| Complete 
| 175|0x0000000714900000, 0x0000000714a00000, 0x0000000714a00000|100%| E|CS|TAMS 0x0000000714900000, 0x0000000714900000| Complete 
| 176|0x0000000714a00000, 0x0000000714b00000, 0x0000000714b00000|100%| E|CS|TAMS 0x0000000714a00000, 0x0000000714a00000| Complete 
| 177|0x0000000714b00000, 0x0000000714c00000, 0x0000000714c00000|100%| E|CS|TAMS 0x0000000714b00000, 0x0000000714b00000| Complete 
| 178|0x0000000714c00000, 0x0000000714d00000, 0x0000000714d00000|100%| E|CS|TAMS 0x0000000714c00000, 0x0000000714c00000| Complete 
| 179|0x0000000714d00000, 0x0000000714e00000, 0x0000000714e00000|100%| E|CS|TAMS 0x0000000714d00000, 0x0000000714d00000| Complete 
| 180|0x0000000714e00000, 0x0000000714f00000, 0x0000000714f00000|100%| E|CS|TAMS 0x0000000714e00000, 0x0000000714e00000| Complete 
| 181|0x0000000714f00000, 0x0000000714ff7da0, 0x0000000715000000| 96%| S|CS|TAMS 0x0000000714f00000, 0x0000000714f00000| Complete 
| 182|0x0000000715000000, 0x0000000715100000, 0x0000000715100000|100%| S|CS|TAMS 0x0000000715000000, 0x0000000715000000| Complete 
| 183|0x0000000715100000, 0x0000000715200000, 0x0000000715200000|100%| S|CS|TAMS 0x0000000715100000, 0x0000000715100000| Complete 
| 184|0x0000000715200000, 0x0000000715300000, 0x0000000715300000|100%| S|CS|TAMS 0x0000000715200000, 0x0000000715200000| Complete 
| 185|0x0000000715300000, 0x0000000715400000, 0x0000000715400000|100%| S|CS|TAMS 0x0000000715300000, 0x0000000715300000| Complete 
| 186|0x0000000715400000, 0x0000000715500000, 0x0000000715500000|100%| S|CS|TAMS 0x0000000715400000, 0x0000000715400000| Complete 
| 187|0x0000000715500000, 0x0000000715600000, 0x0000000715600000|100%| E|CS|TAMS 0x0000000715500000, 0x0000000715500000| Complete 
| 188|0x0000000715600000, 0x0000000715700000, 0x0000000715700000|100%| E|CS|TAMS 0x0000000715600000, 0x0000000715600000| Complete 
| 189|0x0000000715700000, 0x0000000715800000, 0x0000000715800000|100%| E|CS|TAMS 0x0000000715700000, 0x0000000715700000| Complete 
| 190|0x0000000715800000, 0x0000000715900000, 0x0000000715900000|100%| E|CS|TAMS 0x0000000715800000, 0x0000000715800000| Complete 
| 191|0x0000000715900000, 0x0000000715a00000, 0x0000000715a00000|100%| E|CS|TAMS 0x0000000715900000, 0x0000000715900000| Complete 
| 192|0x0000000715a00000, 0x0000000715b00000, 0x0000000715b00000|100%| E|CS|TAMS 0x0000000715a00000, 0x0000000715a00000| Complete 
| 193|0x0000000715b00000, 0x0000000715c00000, 0x0000000715c00000|100%| E|CS|TAMS 0x0000000715b00000, 0x0000000715b00000| Complete 
| 194|0x0000000715c00000, 0x0000000715d00000, 0x0000000715d00000|100%| E|CS|TAMS 0x0000000715c00000, 0x0000000715c00000| Complete 
| 195|0x0000000715d00000, 0x0000000715e00000, 0x0000000715e00000|100%| E|CS|TAMS 0x0000000715d00000, 0x0000000715d00000| Complete 
| 196|0x0000000715e00000, 0x0000000715f00000, 0x0000000715f00000|100%| E|CS|TAMS 0x0000000715e00000, 0x0000000715e00000| Complete 
| 197|0x0000000715f00000, 0x0000000716000000, 0x0000000716000000|100%| E|CS|TAMS 0x0000000715f00000, 0x0000000715f00000| Complete 
| 198|0x0000000716000000, 0x0000000716100000, 0x0000000716100000|100%| E|CS|TAMS 0x0000000716000000, 0x0000000716000000| Complete 
| 199|0x0000000716100000, 0x0000000716200000, 0x0000000716200000|100%| E|CS|TAMS 0x0000000716100000, 0x0000000716100000| Complete 
| 200|0x0000000716200000, 0x0000000716300000, 0x0000000716300000|100%| E|CS|TAMS 0x0000000716200000, 0x0000000716200000| Complete 
| 201|0x0000000716300000, 0x0000000716400000, 0x0000000716400000|100%| E|CS|TAMS 0x0000000716300000, 0x0000000716300000| Complete 
| 202|0x0000000716400000, 0x0000000716500000, 0x0000000716500000|100%| E|CS|TAMS 0x0000000716400000, 0x0000000716400000| Complete 
| 203|0x0000000716500000, 0x0000000716600000, 0x0000000716600000|100%| E|CS|TAMS 0x0000000716500000, 0x0000000716500000| Complete 
| 204|0x0000000716600000, 0x0000000716700000, 0x0000000716700000|100%| E|CS|TAMS 0x0000000716600000, 0x0000000716600000| Complete 
| 205|0x0000000716700000, 0x0000000716800000, 0x0000000716800000|100%| E|CS|TAMS 0x0000000716700000, 0x0000000716700000| Complete 
| 206|0x0000000716800000, 0x0000000716900000, 0x0000000716900000|100%| E|CS|TAMS 0x0000000716800000, 0x0000000716800000| Complete 
| 207|0x0000000716900000, 0x0000000716a00000, 0x0000000716a00000|100%| E|CS|TAMS 0x0000000716900000, 0x0000000716900000| Complete 
| 208|0x0000000716a00000, 0x0000000716b00000, 0x0000000716b00000|100%| E|CS|TAMS 0x0000000716a00000, 0x0000000716a00000| Complete 
| 209|0x0000000716b00000, 0x0000000716c00000, 0x0000000716c00000|100%| E|CS|TAMS 0x0000000716b00000, 0x0000000716b00000| Complete 
| 210|0x0000000716c00000, 0x0000000716d00000, 0x0000000716d00000|100%| E|CS|TAMS 0x0000000716c00000, 0x0000000716c00000| Complete 
| 211|0x0000000716d00000, 0x0000000716e00000, 0x0000000716e00000|100%| E|CS|TAMS 0x0000000716d00000, 0x0000000716d00000| Complete 
| 212|0x0000000716e00000, 0x0000000716f00000, 0x0000000716f00000|100%| E|CS|TAMS 0x0000000716e00000, 0x0000000716e00000| Complete 
| 213|0x0000000716f00000, 0x0000000717000000, 0x0000000717000000|100%| E|CS|TAMS 0x0000000716f00000, 0x0000000716f00000| Complete 
| 214|0x0000000717000000, 0x0000000717100000, 0x0000000717100000|100%| E|CS|TAMS 0x0000000717000000, 0x0000000717000000| Complete 
| 215|0x0000000717100000, 0x0000000717200000, 0x0000000717200000|100%| E|CS|TAMS 0x0000000717100000, 0x0000000717100000| Complete 
| 216|0x0000000717200000, 0x0000000717300000, 0x0000000717300000|100%| E|CS|TAMS 0x0000000717200000, 0x0000000717200000| Complete 
| 217|0x0000000717300000, 0x0000000717400000, 0x0000000717400000|100%| E|CS|TAMS 0x0000000717300000, 0x0000000717300000| Complete 
| 218|0x0000000717400000, 0x0000000717500000, 0x0000000717500000|100%| E|CS|TAMS 0x0000000717400000, 0x0000000717400000| Complete 
| 219|0x0000000717500000, 0x0000000717600000, 0x0000000717600000|100%| E|CS|TAMS 0x0000000717500000, 0x0000000717500000| Complete 
| 220|0x0000000717600000, 0x0000000717700000, 0x0000000717700000|100%| E|CS|TAMS 0x0000000717600000, 0x0000000717600000| Complete 
| 221|0x0000000717700000, 0x0000000717800000, 0x0000000717800000|100%| E|CS|TAMS 0x0000000717700000, 0x0000000717700000| Complete 
| 222|0x0000000717800000, 0x0000000717900000, 0x0000000717900000|100%| E|CS|TAMS 0x0000000717800000, 0x0000000717800000| Complete 
| 223|0x0000000717900000, 0x0000000717a00000, 0x0000000717a00000|100%| E|CS|TAMS 0x0000000717900000, 0x0000000717900000| Complete 
| 224|0x0000000717a00000, 0x0000000717b00000, 0x0000000717b00000|100%| E|CS|TAMS 0x0000000717a00000, 0x0000000717a00000| Complete 
| 225|0x0000000717b00000, 0x0000000717c00000, 0x0000000717c00000|100%| E|CS|TAMS 0x0000000717b00000, 0x0000000717b00000| Complete 
| 226|0x0000000717c00000, 0x0000000717d00000, 0x0000000717d00000|100%| E|CS|TAMS 0x0000000717c00000, 0x0000000717c00000| Complete 
| 227|0x0000000717d00000, 0x0000000717e00000, 0x0000000717e00000|100%| E|CS|TAMS 0x0000000717d00000, 0x0000000717d00000| Complete 
| 228|0x0000000717e00000, 0x0000000717f00000, 0x0000000717f00000|100%| E|CS|TAMS 0x0000000717e00000, 0x0000000717e00000| Complete 
| 229|0x0000000717f00000, 0x0000000718000000, 0x0000000718000000|100%| E|CS|TAMS 0x0000000717f00000, 0x0000000717f00000| Complete 
| 230|0x0000000718000000, 0x0000000718100000, 0x0000000718100000|100%| E|CS|TAMS 0x0000000718000000, 0x0000000718000000| Complete 
| 231|0x0000000718100000, 0x0000000718200000, 0x0000000718200000|100%| E|CS|TAMS 0x0000000718100000, 0x0000000718100000| Complete 
| 232|0x0000000718200000, 0x0000000718300000, 0x0000000718300000|100%| E|CS|TAMS 0x0000000718200000, 0x0000000718200000| Complete 
| 233|0x0000000718300000, 0x0000000718400000, 0x0000000718400000|100%| E|CS|TAMS 0x0000000718300000, 0x0000000718300000| Complete 
| 234|0x0000000718400000, 0x0000000718500000, 0x0000000718500000|100%| E|CS|TAMS 0x0000000718400000, 0x0000000718400000| Complete 
| 235|0x0000000718500000, 0x0000000718600000, 0x0000000718600000|100%| E|CS|TAMS 0x0000000718500000, 0x0000000718500000| Complete 
| 236|0x0000000718600000, 0x0000000718700000, 0x0000000718700000|100%| E|CS|TAMS 0x0000000718600000, 0x0000000718600000| Complete 
| 237|0x0000000718700000, 0x0000000718800000, 0x0000000718800000|100%| E|CS|TAMS 0x0000000718700000, 0x0000000718700000| Complete 
| 238|0x0000000718800000, 0x0000000718900000, 0x0000000718900000|100%| E|CS|TAMS 0x0000000718800000, 0x0000000718800000| Complete 
| 239|0x0000000718900000, 0x0000000718a00000, 0x0000000718a00000|100%| E|CS|TAMS 0x0000000718900000, 0x0000000718900000| Complete 
| 240|0x0000000718a00000, 0x0000000718b00000, 0x0000000718b00000|100%| E|CS|TAMS 0x0000000718a00000, 0x0000000718a00000| Complete 
| 241|0x0000000718b00000, 0x0000000718c00000, 0x0000000718c00000|100%| E|CS|TAMS 0x0000000718b00000, 0x0000000718b00000| Complete 
| 242|0x0000000718c00000, 0x0000000718d00000, 0x0000000718d00000|100%| E|CS|TAMS 0x0000000718c00000, 0x0000000718c00000| Complete 
| 243|0x0000000718d00000, 0x0000000718e00000, 0x0000000718e00000|100%| E|CS|TAMS 0x0000000718d00000, 0x0000000718d00000| Complete 
| 244|0x0000000718e00000, 0x0000000718f00000, 0x0000000718f00000|100%| E|CS|TAMS 0x0000000718e00000, 0x0000000718e00000| Complete 
| 245|0x0000000718f00000, 0x0000000719000000, 0x0000000719000000|100%| E|CS|TAMS 0x0000000718f00000, 0x0000000718f00000| Complete 
| 246|0x0000000719000000, 0x0000000719100000, 0x0000000719100000|100%| E|CS|TAMS 0x0000000719000000, 0x0000000719000000| Complete 
| 247|0x0000000719100000, 0x0000000719200000, 0x0000000719200000|100%| E|CS|TAMS 0x0000000719100000, 0x0000000719100000| Complete 

Card table byte_map: [0x00007f6e0a6b7000,0x00007f6e0ae6a000] _byte_map_base: 0x00007f6e06e6a000

Marking Bits (Prev, Next): (CMBitMap*) 0x00007f6e24086cb0, (CMBitMap*) 0x00007f6e24086c78
 Prev Bits: [0x00007f6dfc4d0000, 0x00007f6e00268000)
 Next Bits: [0x00007f6e00268000, 0x00007f6e04000000)

Polling page: 0x00007f6e29c59000

Metaspace:

Usage:
  Non-class:     21.00 MB capacity,    20.69 MB ( 99%) used,   291.12 KB (  1%) free+waste,    28.50 KB ( <1%) overhead. 
      Class:      2.55 MB capacity,     2.37 MB ( 93%) used,   172.05 KB (  7%) free+waste,    11.19 KB ( <1%) overhead. 
       Both:     23.55 MB capacity,    23.05 MB ( 98%) used,   463.17 KB (  2%) free+waste,    39.69 KB ( <1%) overhead. 

Virtual space:
  Non-class space:       22.00 MB reserved,      21.42 MB ( 97%) committed 
      Class space:        1.00 GB reserved,       2.62 MB ( <1%) committed 
             Both:        1.02 GB reserved,      24.05 MB (  2%) committed 

Chunk freelists:
   Non-Class:  26.50 KB
       Class:  2.12 KB
        Both:  28.62 KB

CodeHeap 'non-profiled nmethods': size=120032Kb used=1929Kb max_used=1929Kb free=118102Kb
 bounds [0x00007f6e13bc5000, 0x00007f6e13e35000, 0x00007f6e1b0fd000]
CodeHeap 'profiled nmethods': size=120028Kb used=8712Kb max_used=8712Kb free=111315Kb
 bounds [0x00007f6e0c68e000, 0x00007f6e0cf1e000, 0x00007f6e13bc5000]
CodeHeap 'non-nmethods': size=5700Kb used=1118Kb max_used=1176Kb free=4581Kb
 bounds [0x00007f6e0c0fd000, 0x00007f6e0c36d000, 0x00007f6e0c68e000]
 total_blobs=5314 nmethods=3887 adapters=334
 compilation: enabled
              stopped_count=0, restarted_count=0
 full_count=0

Compilation events (10 events):
Event: 2.485 Thread 0x00007f6e24287800 3872       3       java.lang.invoke.VarHandleGuards::guard_LII_Z (70 bytes)
Event: 2.487 Thread 0x00007f6e24287800 nmethod 3872 0x00007f6e0cf00210 code [0x00007f6e0cf004a0, 0x00007f6e0cf014c8]
Event: 2.487 Thread 0x00007f6e24287800 3873       3       java.lang.invoke.VarHandleInts$FieldInstanceReadWrite::compareAndSet (24 bytes)
Event: 2.487 Thread 0x00007f6e24287800 nmethod 3873 0x00007f6e0cf01a10 code [0x00007f6e0cf01c00, 0x00007f6e0cf02128]
Event: 2.487 Thread 0x00007f6e24287800 3874       3       jdk.internal.misc.Unsafe::checkPrimitivePointer (19 bytes)
Event: 2.488 Thread 0x00007f6e24287800 nmethod 3874 0x00007f6e0cf02310 code [0x00007f6e0cf02520, 0x00007f6e0cf02ba8]
Event: 2.488 Thread 0x00007f6e24287800 3875       3       jdk.internal.misc.Unsafe::checkPointer (19 bytes)
Event: 2.488 Thread 0x00007f6e24287800 nmethod 3875 0x00007f6e0cf02e10 code [0x00007f6e0cf02fe0, 0x00007f6e0cf033e8]
Event: 2.488 Thread 0x00007f6e24287800 3871       3       java.util.ArrayDeque::<init> (14 bytes)
Event: 2.488 Thread 0x00007f6e24287800 nmethod 3871 0x00007f6e0cf03590 code [0x00007f6e0cf03740, 0x00007f6e0cf03a70]

GC Heap History (6 events):
Event: 0.510 GC heap before
{Heap before GC invocations=0 (full 0):
 garbage-first heap   total 253952K, used 23552K [0x0000000709a00000, 0x0000000800000000)
  region size 1024K, 24 young (24576K), 0 survivors (0K)
 Metaspace       used 13402K, capacity 13684K, committed 14080K, reserved 1062912K
  class space    used 1365K, capacity 1455K, committed 1536K, reserved 1048576K
}
Event: 0.515 GC heap after
{Heap after GC invocations=1 (full 0):
 garbage-first heap   total 253952K, used 3699K [0x0000000709a00000, 0x0000000800000000)
  region size 1024K, 3 young (3072K), 3 survivors (3072K)
 Metaspace       used 13402K, capacity 13684K, committed 14080K, reserved 1062912K
  class space    used 1365K, capacity 1455K, committed 1536K, reserved 1048576K
}
Event: 1.204 GC heap before
{Heap before GC invocations=1 (full 0):
 garbage-first heap   total 253952K, used 49779K [0x0000000709a00000, 0x0000000800000000)
  region size 1024K, 49 young (50176K), 3 survivors (3072K)
 Metaspace       used 20666K, capacity 20975K, committed 21296K, reserved 1069056K
  class space    used 2218K, capacity 2350K, committed 2432K, reserved 1048576K
}
Event: 1.209 GC heap after
{Heap after GC invocations=2 (full 0):
 garbage-first heap   total 253952K, used 6235K [0x0000000709a00000, 0x0000000800000000)
  region size 1024K, 6 young (6144K), 6 survivors (6144K)
 Metaspace       used 20666K, capacity 20975K, committed 21296K, reserved 1069056K
  class space    used 2218K, capacity 2350K, committed 2432K, reserved 1048576K
}
Event: 1.846 GC heap before
{Heap before GC invocations=3 (full 0):
 garbage-first heap   total 253952K, used 62555K [0x0000000709a00000, 0x0000000800000000)
  region size 1024K, 61 young (62464K), 6 survivors (6144K)
 Metaspace       used 22537K, capacity 23030K, committed 23472K, reserved 1071104K
  class space    used 2362K, capacity 2522K, committed 2560K, reserved 1048576K
}
Event: 1.858 GC heap after
{Heap after GC invocations=4 (full 0):
 garbage-first heap   total 253952K, used 9578K [0x0000000709a00000, 0x0000000800000000)
  region size 1024K, 6 young (6144K), 6 survivors (6144K)
 Metaspace       used 22537K, capacity 23030K, committed 23472K, reserved 1071104K
  class space    used 2362K, capacity 2522K, committed 2560K, reserved 1048576K
}

Deoptimization events (10 events):
Event: 1.945 Thread 0x00007f6e24025000 Uncommon trap: reason=array_check action=maybe_recompile pc=0x00007f6e13d5eaa8 method=java.util.TimSort.binarySort([Ljava/lang/Object;IIILjava/util/Comparator;)V @ 215 c2
Event: 1.945 Thread 0x00007f6e24025000 Uncommon trap: reason=array_check action=maybe_recompile pc=0x00007f6e13d5eaa8 method=java.util.TimSort.binarySort([Ljava/lang/Object;IIILjava/util/Comparator;)V @ 215 c2
Event: 1.965 Thread 0x00007f6e24025000 Uncommon trap: reason=array_check action=maybe_recompile pc=0x00007f6e13d61a24 method=java.util.TimSort.binarySort([Ljava/lang/Object;IIILjava/util/Comparator;)V @ 183 c2
Event: 1.966 Thread 0x00007f6e24025000 Uncommon trap: reason=array_check action=maybe_recompile pc=0x00007f6e13d61a24 method=java.util.TimSort.binarySort([Ljava/lang/Object;IIILjava/util/Comparator;)V @ 183 c2
Event: 2.009 Thread 0x00007f6e24025000 Uncommon trap: reason=bimorphic_or_optimized_type_check action=maybe_recompile pc=0x00007f6e13cd09d4 method=sun.nio.cs.StreamEncoder.writeBytes()V @ 120 c2
Event: 2.071 Thread 0x00007f6e24025000 Uncommon trap: reason=unstable_if action=reinterpret pc=0x00007f6e13ca23bc method=java.lang.StringLatin1.trim([B)Ljava/lang/String; @ 60 c2
Event: 2.097 Thread 0x00007f6e24025000 Uncommon trap: reason=unstable_if action=reinterpret pc=0x00007f6e13c86120 method=java.util.LinkedHashMap.afterNodeInsertion(Z)V @ 18 c2
Event: 2.174 Thread 0x00007f6e24025000 Uncommon trap: reason=unstable_if action=reinterpret pc=0x00007f6e13c38aac method=java.lang.String.regionMatches(ZILjava/lang/String;II)Z @ 21 c2
Event: 2.194 Thread 0x00007f6e24025000 Uncommon trap: reason=unstable_if action=reinterpret pc=0x00007f6e13d4a4cc method=org.apache.maven.model.merge.ModelMerger.merge(Ljava/util/List;Ljava/util/List;Lorg/apache/maven/model/merge/ModelMerger$KeyComputer;Lorg/apache/maven/model/merge/ModelMerge
Event: 2.476 Thread 0x00007f6e24025000 Uncommon trap: reason=unstable_if action=reinterpret pc=0x00007f6e13c504c0 method=java.util.jar.Manifest$FastInputStream.readLine([BII)I @ 90 c2

Classes redefined (0 events):
No events

Internal exceptions (9 events):
Event: 0.113 Thread 0x00007f6e24025000 Exception <a 'java/security/PrivilegedActionException'{0x00000007190cd538}> (0x00000007190cd538) thrown at [./open/src/hotspot/share/prims/jvm.cpp, line 1296]
Event: 0.113 Thread 0x00007f6e24025000 Exception <a 'java/security/PrivilegedActionException'{0x00000007190cd808}> (0x00000007190cd808) thrown at [./open/src/hotspot/share/prims/jvm.cpp, line 1296]
Event: 0.172 Thread 0x00007f6e24025000 Exception <a 'java/lang/NoSuchMethodError'{0x0000000718d4ff08}: java.lang.invoke.DirectMethodHandle$Holder.invokeSpecialIFC(Ljava/lang/Object;Ljava/lang/Object;I)I> (0x0000000718d4ff08) thrown at [./open/src/hotspot/share/interpreter/linkResolver.cpp, lin
Event: 0.976 Thread 0x00007f6e24025000 Exception <a 'java/lang/NoClassDefFoundError'{0x0000000716b8da88}: com/google/inject/servlet/ServletModuleTargetVisitor> (0x0000000716b8da88) thrown at [./open/src/hotspot/share/classfile/systemDictionary.cpp, line 217]
Event: 0.976 Thread 0x00007f6e24025000 Exception <a 'java/lang/NoClassDefFoundError'{0x0000000716b8da88}> (0x0000000716b8da88) thrown at [./open/src/hotspot/share/prims/jvm.cpp, line 1300]
Event: 0.976 Thread 0x00007f6e24025000 Exception <a 'java/lang/NoClassDefFoundError'{0x0000000716b90948}: javax/annotation/Priority> (0x0000000716b90948) thrown at [./open/src/hotspot/share/classfile/systemDictionary.cpp, line 217]
Event: 1.340 Thread 0x00007f6e24025000 Implicit null exception at 0x00007f6e13c45edb to 0x00007f6e13c46cdd
Event: 1.340 Thread 0x00007f6e24025000 Implicit null exception at 0x00007f6e13c58255 to 0x00007f6e13c5842a
Event: 1.340 Thread 0x00007f6e24025000 Implicit null exception at 0x00007f6e13bd3daf to 0x00007f6e13bd3e29

Events (10 events):
Event: 2.465 loading class org/apache/maven/plugin/Mojo done
Event: 2.465 loading class org/apache/maven/plugin/Mojo
Event: 2.465 loading class org/apache/maven/plugin/Mojo done
Event: 2.465 loading class org/eclipse/jetty/maven/plugin/JettyStopMojo
Event: 2.465 loading class org/eclipse/jetty/maven/plugin/JettyStopMojo done
Event: 2.465 loading class org/eclipse/jetty/maven/plugin/JettyStopMojo
Event: 2.465 loading class org/eclipse/jetty/maven/plugin/JettyStopMojo done
Event: 2.476 Thread 0x00007f6e24025000 Uncommon trap: trap_request=0xffffff4d fr.pc=0x00007f6e13c504c0 relative=0x0000000000000400
Event: 2.476 Thread 0x00007f6e24025000 DEOPT PACKING pc=0x00007f6e13c504c0 sp=0x00007f6e281d76f0
Event: 2.476 Thread 0x00007f6e24025000 DEOPT UNPACKING pc=0x00007f6e0c104e25 sp=0x00007f6e281d7680 mode 2


Dynamic libraries:
709a00000-719200000 rw-p 00000000 00:00 0 
719200000-800000000 ---p 00000000 00:00 0 
800000000-8002a0000 rw-p 00000000 00:00 0 
8002a0000-840000000 ---p 00000000 00:00 0 
55797f61a000-55797f61b000 r-xp 00000000 103:03 12976238                  /opt/jdk/jdk-11.0.7/bin/java
55797f81b000-55797f81c000 r--p 00001000 103:03 12976238                  /opt/jdk/jdk-11.0.7/bin/java
55797f81c000-55797f81d000 rw-p 00002000 103:03 12976238                  /opt/jdk/jdk-11.0.7/bin/java
557980bcb000-557980bec000 rw-p 00000000 00:00 0                          [heap]
7f6d98000000-7f6d98028000 rw-p 00000000 00:00 0 
7f6d98028000-7f6d9c000000 ---p 00000000 00:00 0 
7f6d9c000000-7f6d9c021000 rw-p 00000000 00:00 0 
7f6d9c021000-7f6da0000000 ---p 00000000 00:00 0 
7f6da0000000-7f6da0021000 rw-p 00000000 00:00 0 
7f6da0021000-7f6da4000000 ---p 00000000 00:00 0 
7f6da4000000-7f6da4021000 rw-p 00000000 00:00 0 
7f6da4021000-7f6da8000000 ---p 00000000 00:00 0 
7f6da8000000-7f6da8021000 rw-p 00000000 00:00 0 
7f6da8021000-7f6dac000000 ---p 00000000 00:00 0 
7f6dac000000-7f6dac021000 rw-p 00000000 00:00 0 
7f6dac021000-7f6db0000000 ---p 00000000 00:00 0 
7f6db2d11000-7f6db3477000 rw-p 00000000 00:00 0 
7f6db3477000-7f6db34f7000 ---p 00000000 00:00 0 
7f6db34f7000-7f6db34f8000 ---p 00000000 00:00 0 
7f6db34f8000-7f6db37e5000 rw-p 00000000 00:00 0 
7f6db37e5000-7f6db37f9000 ---p 00000000 00:00 0 
7f6db37f9000-7f6db37fd000 ---p 00000000 00:00 0 
7f6db37fd000-7f6db3afa000 rw-p 00000000 00:00 0 
7f6db3afa000-7f6db3cfa000 rw-p 00000000 00:00 0 
7f6db3cfa000-7f6db3cfb000 ---p 00000000 00:00 0 
7f6db3cfb000-7f6db3dfc000 rw-p 00000000 00:00 0 
7f6db3dfc000-7f6db3dfd000 ---p 00000000 00:00 0 
7f6db3dfd000-7f6db3efe000 rw-p 00000000 00:00 0 
7f6db3efe000-7f6db3eff000 ---p 00000000 00:00 0 
7f6db3eff000-7f6db4000000 rw-p 00000000 00:00 0 
7f6db4000000-7f6db4021000 rw-p 00000000 00:00 0 
7f6db4021000-7f6db8000000 ---p 00000000 00:00 0 
7f6db8000000-7f6db8d32000 rw-p 00000000 00:00 0 
7f6db8d32000-7f6dbc000000 ---p 00000000 00:00 0 
7f6dbc000000-7f6dbc021000 rw-p 00000000 00:00 0 
7f6dbc021000-7f6dc0000000 ---p 00000000 00:00 0 
7f6dc0000000-7f6dc0021000 rw-p 00000000 00:00 0 
7f6dc0021000-7f6dc4000000 ---p 00000000 00:00 0 
7f6dc4000000-7f6dc4021000 rw-p 00000000 00:00 0 
7f6dc4021000-7f6dc8000000 ---p 00000000 00:00 0 
7f6dc8000000-7f6dc89e0000 rw-p 00000000 00:00 0 
7f6dc89e0000-7f6dcc000000 ---p 00000000 00:00 0 
7f6dcc000000-7f6dcc759000 rw-p 00000000 00:00 0 
7f6dcc759000-7f6dd0000000 ---p 00000000 00:00 0 
7f6dd0000000-7f6dd0021000 rw-p 00000000 00:00 0 
7f6dd0021000-7f6dd4000000 ---p 00000000 00:00 0 
7f6dd4000000-7f6dd4021000 rw-p 00000000 00:00 0 
7f6dd4021000-7f6dd8000000 ---p 00000000 00:00 0 
7f6dd8000000-7f6dd8d57000 rw-p 00000000 00:00 0 
7f6dd8d57000-7f6ddc000000 ---p 00000000 00:00 0 
7f6ddc000000-7f6ddc021000 rw-p 00000000 00:00 0 
7f6ddc021000-7f6de0000000 ---p 00000000 00:00 0 
7f6de0000000-7f6de0021000 rw-p 00000000 00:00 0 
7f6de0021000-7f6de4000000 ---p 00000000 00:00 0 
7f6de4000000-7f6de4021000 rw-p 00000000 00:00 0 
7f6de4021000-7f6de8000000 ---p 00000000 00:00 0 
7f6de8000000-7f6de8021000 rw-p 00000000 00:00 0 
7f6de8021000-7f6dec000000 ---p 00000000 00:00 0 
7f6dec000000-7f6dec021000 rw-p 00000000 00:00 0 
7f6dec021000-7f6df0000000 ---p 00000000 00:00 0 
7f6df0000000-7f6df0021000 rw-p 00000000 00:00 0 
7f6df0021000-7f6df4000000 ---p 00000000 00:00 0 
7f6df4049000-7f6df404a000 ---p 00000000 00:00 0 
7f6df404a000-7f6df434b000 rw-p 00000000 00:00 0 
7f6df434b000-7f6df434f000 ---p 00000000 00:00 0 
7f6df434f000-7f6df464c000 rw-p 00000000 00:00 0 
7f6df464c000-7f6df484c000 rw-p 00000000 00:00 0 
7f6df484c000-7f6df484f000 r-xp 00000000 103:03 917631                    /tmp/libjansi-1.17.1-13308182206270586316.so
7f6df484f000-7f6df4a4e000 ---p 00003000 103:03 917631                    /tmp/libjansi-1.17.1-13308182206270586316.so
7f6df4a4e000-7f6df4a4f000 rw-p 00002000 103:03 917631                    /tmp/libjansi-1.17.1-13308182206270586316.so
7f6df4a4f000-7f6df4a51000 r-xp 00000000 103:03 12976632                  /opt/jdk/jdk-11.0.7/lib/libextnet.so
7f6df4a51000-7f6df4c50000 ---p 00002000 103:03 12976632                  /opt/jdk/jdk-11.0.7/lib/libextnet.so
7f6df4c50000-7f6df4c51000 r--p 00001000 103:03 12976632                  /opt/jdk/jdk-11.0.7/lib/libextnet.so
7f6df4c51000-7f6df4c52000 rw-p 00002000 103:03 12976632                  /opt/jdk/jdk-11.0.7/lib/libextnet.so
7f6df4c52000-7f6df4c53000 ---p 00000000 00:00 0 
7f6df4c53000-7f6df4d54000 rw-p 00000000 00:00 0 
7f6df4d54000-7f6df4d58000 ---p 00000000 00:00 0 
7f6df4d58000-7f6df4e55000 rw-p 00000000 00:00 0 
7f6df4e55000-7f6df4e59000 ---p 00000000 00:00 0 
7f6df4e59000-7f6df4f56000 rw-p 00000000 00:00 0 
7f6df4f56000-7f6df6000000 r--p 00000000 103:03 1841406                   /usr/lib/locale/locale-archive
7f6df6000000-7f6df8000000 rw-p 00000000 00:00 0 
7f6df8000000-7f6df8021000 rw-p 00000000 00:00 0 
7f6df8021000-7f6dfc000000 ---p 00000000 00:00 0 
7f6dfc0a7000-7f6dfc0be000 r-xp 00000000 103:03 12976651                  /opt/jdk/jdk-11.0.7/lib/libnet.so
7f6dfc0be000-7f6dfc2bd000 ---p 00017000 103:03 12976651                  /opt/jdk/jdk-11.0.7/lib/libnet.so
7f6dfc2bd000-7f6dfc2be000 r--p 00016000 103:03 12976651                  /opt/jdk/jdk-11.0.7/lib/libnet.so
7f6dfc2be000-7f6dfc2bf000 rw-p 00017000 103:03 12976651                  /opt/jdk/jdk-11.0.7/lib/libnet.so
7f6dfc2bf000-7f6dfc2cf000 r-xp 00000000 103:03 12976652                  /opt/jdk/jdk-11.0.7/lib/libnio.so
7f6dfc2cf000-7f6dfc4ce000 ---p 00010000 103:03 12976652                  /opt/jdk/jdk-11.0.7/lib/libnio.so
7f6dfc4ce000-7f6dfc4cf000 r--p 0000f000 103:03 12976652                  /opt/jdk/jdk-11.0.7/lib/libnio.so
7f6dfc4cf000-7f6dfc4d0000 rw-p 00010000 103:03 12976652                  /opt/jdk/jdk-11.0.7/lib/libnio.so
7f6dfc4d0000-7f6dfc8b0000 rw-p 00000000 00:00 0 
7f6dfc8b0000-7f6e00268000 ---p 00000000 00:00 0 
7f6e00268000-7f6e00648000 rw-p 00000000 00:00 0 
7f6e00648000-7f6e04000000 ---p 00000000 00:00 0 
7f6e04000000-7f6e04021000 rw-p 00000000 00:00 0 
7f6e04021000-7f6e08000000 ---p 00000000 00:00 0 
7f6e0806a000-7f6e0806e000 ---p 00000000 00:00 0 
7f6e0806e000-7f6e0816b000 rw-p 00000000 00:00 0 
7f6e0816b000-7f6e0816f000 ---p 00000000 00:00 0 
7f6e0816f000-7f6e0826c000 rw-p 00000000 00:00 0 
7f6e0826c000-7f6e08270000 ---p 00000000 00:00 0 
7f6e08270000-7f6e0836d000 rw-p 00000000 00:00 0 
7f6e0836d000-7f6e08371000 ---p 00000000 00:00 0 
7f6e08371000-7f6e0846e000 rw-p 00000000 00:00 0 
7f6e0846e000-7f6e08472000 ---p 00000000 00:00 0 
7f6e08472000-7f6e0856f000 rw-p 00000000 00:00 0 
7f6e0856f000-7f6e08573000 ---p 00000000 00:00 0 
7f6e08573000-7f6e08670000 rw-p 00000000 00:00 0 
7f6e08670000-7f6e08674000 ---p 00000000 00:00 0 
7f6e08674000-7f6e08771000 rw-p 00000000 00:00 0 
7f6e08771000-7f6e08775000 ---p 00000000 00:00 0 
7f6e08775000-7f6e08872000 rw-p 00000000 00:00 0 
7f6e08872000-7f6e08873000 ---p 00000000 00:00 0 
7f6e08873000-7f6e091f5000 rw-p 00000000 00:00 0 
7f6e091f5000-7f6e091f6000 ---p 00000000 00:00 0 
7f6e091f6000-7f6e092f7000 rw-p 00000000 00:00 0 
7f6e092f7000-7f6e092f8000 ---p 00000000 00:00 0 
7f6e092f8000-7f6e09c01000 rw-p 00000000 00:00 0 
7f6e09c01000-7f6e09c02000 ---p 00000000 00:00 0 
7f6e09c02000-7f6e09d03000 rw-p 00000000 00:00 0 
7f6e09d03000-7f6e09d04000 ---p 00000000 00:00 0 
7f6e09d04000-7f6e09f80000 rw-p 00000000 00:00 0 
7f6e09f80000-7f6e0a6b7000 ---p 00000000 00:00 0 
7f6e0a6b7000-7f6e0a733000 rw-p 00000000 00:00 0 
7f6e0a733000-7f6e0ae6a000 ---p 00000000 00:00 0 
7f6e0ae6a000-7f6e0aee6000 rw-p 00000000 00:00 0 
7f6e0aee6000-7f6e0b61d000 ---p 00000000 00:00 0 
7f6e0b61d000-7f6e0be25000 rw-p 00000000 00:00 0 
7f6e0be25000-7f6e0be26000 ---p 00000000 00:00 0 
7f6e0be26000-7f6e0bf2c000 rw-p 00000000 00:00 0 
7f6e0bf2c000-7f6e0c012000 ---p 00000000 00:00 0 
7f6e0c012000-7f6e0c024000 rw-p 00000000 00:00 0 
7f6e0c024000-7f6e0c0fd000 ---p 00000000 00:00 0 
7f6e0c0fd000-7f6e0c36d000 rwxp 00000000 00:00 0 
7f6e0c36d000-7f6e0c68e000 ---p 00000000 00:00 0 
7f6e0c68e000-7f6e0cf1e000 rwxp 00000000 00:00 0 
7f6e0cf1e000-7f6e13bc5000 ---p 00000000 00:00 0 
7f6e13bc5000-7f6e13e35000 rwxp 00000000 00:00 0 
7f6e13e35000-7f6e1b0fd000 ---p 00000000 00:00 0 
7f6e1b0fd000-7f6e23596000 r--s 00000000 103:03 12976662                  /opt/jdk/jdk-11.0.7/lib/modules
7f6e23596000-7f6e2359d000 r-xp 00000000 103:03 12976661                  /opt/jdk/jdk-11.0.7/lib/libzip.so
7f6e2359d000-7f6e2379c000 ---p 00007000 103:03 12976661                  /opt/jdk/jdk-11.0.7/lib/libzip.so
7f6e2379c000-7f6e2379d000 r--p 00006000 103:03 12976661                  /opt/jdk/jdk-11.0.7/lib/libzip.so
7f6e2379d000-7f6e2379e000 rw-p 00007000 103:03 12976661                  /opt/jdk/jdk-11.0.7/lib/libzip.so
7f6e2379e000-7f6e237a8000 r-xp 00000000 103:03 12976634                  /opt/jdk/jdk-11.0.7/lib/libinstrument.so
7f6e237a8000-7f6e239a7000 ---p 0000a000 103:03 12976634                  /opt/jdk/jdk-11.0.7/lib/libinstrument.so
7f6e239a7000-7f6e239a8000 r--p 00009000 103:03 12976634                  /opt/jdk/jdk-11.0.7/lib/libinstrument.so
7f6e239a8000-7f6e239a9000 rw-p 0000a000 103:03 12976634                  /opt/jdk/jdk-11.0.7/lib/libinstrument.so
7f6e239a9000-7f6e239c4000 r-xp 00000000 103:03 12976643                  /opt/jdk/jdk-11.0.7/lib/libjimage.so
7f6e239c4000-7f6e23bc3000 ---p 0001b000 103:03 12976643                  /opt/jdk/jdk-11.0.7/lib/libjimage.so
7f6e23bc3000-7f6e23bc5000 r--p 0001a000 103:03 12976643                  /opt/jdk/jdk-11.0.7/lib/libjimage.so
7f6e23bc5000-7f6e23bc6000 rw-p 0001c000 103:03 12976643                  /opt/jdk/jdk-11.0.7/lib/libjimage.so
7f6e23bc6000-7f6e23bef000 r-xp 00000000 103:03 12976639                  /opt/jdk/jdk-11.0.7/lib/libjava.so
7f6e23bef000-7f6e23dee000 ---p 00029000 103:03 12976639                  /opt/jdk/jdk-11.0.7/lib/libjava.so
7f6e23dee000-7f6e23def000 r--p 00028000 103:03 12976639                  /opt/jdk/jdk-11.0.7/lib/libjava.so
7f6e23def000-7f6e23df1000 rw-p 00029000 103:03 12976639                  /opt/jdk/jdk-11.0.7/lib/libjava.so
7f6e23df1000-7f6e23dfe000 r-xp 00000000 103:03 12976660                  /opt/jdk/jdk-11.0.7/lib/libverify.so
7f6e23dfe000-7f6e23ffd000 ---p 0000d000 103:03 12976660                  /opt/jdk/jdk-11.0.7/lib/libverify.so
7f6e23ffd000-7f6e23fff000 r--p 0000c000 103:03 12976660                  /opt/jdk/jdk-11.0.7/lib/libverify.so
7f6e23fff000-7f6e24000000 rw-p 0000e000 103:03 12976660                  /opt/jdk/jdk-11.0.7/lib/libverify.so
7f6e24000000-7f6e253cd000 rw-p 00000000 00:00 0 
7f6e253cd000-7f6e28000000 ---p 00000000 00:00 0 
7f6e2804d000-7f6e280a8000 rw-p 00000000 00:00 0 
7f6e280a8000-7f6e280ab000 r--p 00000000 103:03 1843078                   /usr/lib/x86_64-linux-gnu/libnss_files-2.31.so
7f6e280ab000-7f6e280b2000 r-xp 00003000 103:03 1843078                   /usr/lib/x86_64-linux-gnu/libnss_files-2.31.so
7f6e280b2000-7f6e280b4000 r--p 0000a000 103:03 1843078                   /usr/lib/x86_64-linux-gnu/libnss_files-2.31.so
7f6e280b4000-7f6e280b5000 r--p 0000b000 103:03 1843078                   /usr/lib/x86_64-linux-gnu/libnss_files-2.31.so
7f6e280b5000-7f6e280b6000 rw-p 0000c000 103:03 1843078                   /usr/lib/x86_64-linux-gnu/libnss_files-2.31.so
7f6e280b6000-7f6e280bc000 rw-p 00000000 00:00 0 
7f6e280c3000-7f6e280c8000 rw-p 00000000 00:00 0 
7f6e280c8000-7f6e280cf000 ---p 00000000 00:00 0 
7f6e280cf000-7f6e280d2000 r--p 00000000 103:03 1843280                   /usr/lib/x86_64-linux-gnu/librt-2.31.so
7f6e280d2000-7f6e280d6000 r-xp 00003000 103:03 1843280                   /usr/lib/x86_64-linux-gnu/librt-2.31.so
7f6e280d6000-7f6e280d7000 r--p 00007000 103:03 1843280                   /usr/lib/x86_64-linux-gnu/librt-2.31.so
7f6e280d7000-7f6e280d8000 ---p 00008000 103:03 1843280                   /usr/lib/x86_64-linux-gnu/librt-2.31.so
7f6e280d8000-7f6e280d9000 r--p 00008000 103:03 1843280                   /usr/lib/x86_64-linux-gnu/librt-2.31.so
7f6e280d9000-7f6e280da000 rw-p 00009000 103:03 1843280                   /usr/lib/x86_64-linux-gnu/librt-2.31.so
7f6e280da000-7f6e280de000 ---p 00000000 00:00 0 
7f6e280de000-7f6e281db000 rw-p 00000000 00:00 0 
7f6e281db000-7f6e281ea000 r--p 00000000 103:03 1842954                   /usr/lib/x86_64-linux-gnu/libm-2.31.so
7f6e281ea000-7f6e28291000 r-xp 0000f000 103:03 1842954                   /usr/lib/x86_64-linux-gnu/libm-2.31.so
7f6e28291000-7f6e28328000 r--p 000b6000 103:03 1842954                   /usr/lib/x86_64-linux-gnu/libm-2.31.so
7f6e28328000-7f6e28329000 r--p 0014c000 103:03 1842954                   /usr/lib/x86_64-linux-gnu/libm-2.31.so
7f6e28329000-7f6e2832a000 rw-p 0014d000 103:03 1842954                   /usr/lib/x86_64-linux-gnu/libm-2.31.so
7f6e2832a000-7f6e294af000 r-xp 00000000 103:03 12976673                  /opt/jdk/jdk-11.0.7/lib/server/libjvm.so
7f6e294af000-7f6e296ae000 ---p 01185000 103:03 12976673                  /opt/jdk/jdk-11.0.7/lib/server/libjvm.so
7f6e296ae000-7f6e2976d000 r--p 01184000 103:03 12976673                  /opt/jdk/jdk-11.0.7/lib/server/libjvm.so
7f6e2976d000-7f6e297a7000 rw-p 01243000 103:03 12976673                  /opt/jdk/jdk-11.0.7/lib/server/libjvm.so
7f6e297a7000-7f6e29800000 rw-p 00000000 00:00 0 
7f6e29800000-7f6e29825000 r--p 00000000 103:03 1842316                   /usr/lib/x86_64-linux-gnu/libc-2.31.so
7f6e29825000-7f6e2999d000 r-xp 00025000 103:03 1842316                   /usr/lib/x86_64-linux-gnu/libc-2.31.so
7f6e2999d000-7f6e299e7000 r--p 0019d000 103:03 1842316                   /usr/lib/x86_64-linux-gnu/libc-2.31.so
7f6e299e7000-7f6e299e8000 ---p 001e7000 103:03 1842316                   /usr/lib/x86_64-linux-gnu/libc-2.31.so
7f6e299e8000-7f6e299eb000 r--p 001e7000 103:03 1842316                   /usr/lib/x86_64-linux-gnu/libc-2.31.so
7f6e299eb000-7f6e299ee000 rw-p 001ea000 103:03 1842316                   /usr/lib/x86_64-linux-gnu/libc-2.31.so
7f6e299ee000-7f6e299f2000 rw-p 00000000 00:00 0 
7f6e299f2000-7f6e299f3000 r--p 00000000 103:03 1842451                   /usr/lib/x86_64-linux-gnu/libdl-2.31.so
7f6e299f3000-7f6e299f5000 r-xp 00001000 103:03 1842451                   /usr/lib/x86_64-linux-gnu/libdl-2.31.so
7f6e299f5000-7f6e299f6000 r--p 00003000 103:03 1842451                   /usr/lib/x86_64-linux-gnu/libdl-2.31.so
7f6e299f6000-7f6e299f7000 r--p 00003000 103:03 1842451                   /usr/lib/x86_64-linux-gnu/libdl-2.31.so
7f6e299f7000-7f6e299f8000 rw-p 00004000 103:03 1842451                   /usr/lib/x86_64-linux-gnu/libdl-2.31.so
7f6e299f8000-7f6e29a07000 r-xp 00000000 103:03 12976624                  /opt/jdk/jdk-11.0.7/lib/jli/libjli.so
7f6e29a07000-7f6e29c07000 ---p 0000f000 103:03 12976624                  /opt/jdk/jdk-11.0.7/lib/jli/libjli.so
7f6e29c07000-7f6e29c08000 r--p 0000f000 103:03 12976624                  /opt/jdk/jdk-11.0.7/lib/jli/libjli.so
7f6e29c08000-7f6e29c09000 rw-p 00010000 103:03 12976624                  /opt/jdk/jdk-11.0.7/lib/jli/libjli.so
7f6e29c09000-7f6e29c10000 r--p 00000000 103:03 1843219                   /usr/lib/x86_64-linux-gnu/libpthread-2.31.so
7f6e29c10000-7f6e29c21000 r-xp 00007000 103:03 1843219                   /usr/lib/x86_64-linux-gnu/libpthread-2.31.so
7f6e29c21000-7f6e29c26000 r--p 00018000 103:03 1843219                   /usr/lib/x86_64-linux-gnu/libpthread-2.31.so
7f6e29c26000-7f6e29c27000 r--p 0001c000 103:03 1843219                   /usr/lib/x86_64-linux-gnu/libpthread-2.31.so
7f6e29c27000-7f6e29c28000 rw-p 0001d000 103:03 1843219                   /usr/lib/x86_64-linux-gnu/libpthread-2.31.so
7f6e29c28000-7f6e29c2c000 rw-p 00000000 00:00 0 
7f6e29c2c000-7f6e29c2e000 r--p 00000000 103:03 1843644                   /usr/lib/x86_64-linux-gnu/libz.so.1.2.11
7f6e29c2e000-7f6e29c3f000 r-xp 00002000 103:03 1843644                   /usr/lib/x86_64-linux-gnu/libz.so.1.2.11
7f6e29c3f000-7f6e29c45000 r--p 00013000 103:03 1843644                   /usr/lib/x86_64-linux-gnu/libz.so.1.2.11
7f6e29c45000-7f6e29c46000 ---p 00019000 103:03 1843644                   /usr/lib/x86_64-linux-gnu/libz.so.1.2.11
7f6e29c46000-7f6e29c47000 r--p 00019000 103:03 1843644                   /usr/lib/x86_64-linux-gnu/libz.so.1.2.11
7f6e29c47000-7f6e29c48000 rw-p 0001a000 103:03 1843644                   /usr/lib/x86_64-linux-gnu/libz.so.1.2.11
7f6e29c4c000-7f6e29c4d000 r--p 00000000 103:03 1843491                   /usr/lib/x86_64-linux-gnu/libutil-2.31.so
7f6e29c4d000-7f6e29c4e000 r-xp 00001000 103:03 1843491                   /usr/lib/x86_64-linux-gnu/libutil-2.31.so
7f6e29c4e000-7f6e29c4f000 r--p 00002000 103:03 1843491                   /usr/lib/x86_64-linux-gnu/libutil-2.31.so
7f6e29c4f000-7f6e29c50000 r--p 00002000 103:03 1843491                   /usr/lib/x86_64-linux-gnu/libutil-2.31.so
7f6e29c50000-7f6e29c51000 rw-p 00003000 103:03 1843491                   /usr/lib/x86_64-linux-gnu/libutil-2.31.so
7f6e29c51000-7f6e29c59000 rw-s 00000000 103:03 917622                    /tmp/hsperfdata_alex/14921
7f6e29c59000-7f6e29c5a000 ---p 00000000 00:00 0 
7f6e29c5a000-7f6e29c5b000 r--p 00000000 00:00 0 
7f6e29c5b000-7f6e29c5d000 rw-p 00000000 00:00 0 
7f6e29c5d000-7f6e29c5e000 r--p 00000000 103:03 1842103                   /usr/lib/x86_64-linux-gnu/ld-2.31.so
7f6e29c5e000-7f6e29c81000 r-xp 00001000 103:03 1842103                   /usr/lib/x86_64-linux-gnu/ld-2.31.so
7f6e29c81000-7f6e29c89000 r--p 00024000 103:03 1842103                   /usr/lib/x86_64-linux-gnu/ld-2.31.so
7f6e29c8a000-7f6e29c8b000 r--p 0002c000 103:03 1842103                   /usr/lib/x86_64-linux-gnu/ld-2.31.so
7f6e29c8b000-7f6e29c8c000 rw-p 0002d000 103:03 1842103                   /usr/lib/x86_64-linux-gnu/ld-2.31.so
7f6e29c8c000-7f6e29c8d000 rw-p 00000000 00:00 0 
7ffe4802c000-7ffe4804d000 rw-p 00000000 00:00 0                          [stack]
7ffe48160000-7ffe48163000 r--p 00000000 00:00 0                          [vvar]
7ffe48163000-7ffe48164000 r-xp 00000000 00:00 0                          [vdso]
ffffffffff600000-ffffffffff601000 --xp 00000000 00:00 0                  [vsyscall]


VM Arguments:
jvm_args: -Dmaven.multiModuleProjectDirectory=/home/alex/webshop/webshop-java-the-bad-boyzz -Dmaven.home=/snap/intellij-idea-ultimate/228/plugins/maven/lib/maven3 -Dclassworlds.conf=/snap/intellij-idea-ultimate/228/plugins/maven/lib/maven3/bin/m2.conf -Dmaven.ext.class.path=/snap/intellij-idea-ultimate/228/plugins/maven/lib/maven-event-listener.jar -javaagent:/snap/intellij-idea-ultimate/228/lib/idea_rt.jar=34325:/snap/intellij-idea-ultimate/228/bin -Dfile.encoding=UTF-8 
java_command: org.codehaus.classworlds.Launcher -Didea.version2020.1.2 jetty:run
java_class_path (initial): /snap/intellij-idea-ultimate/228/plugins/maven/lib/maven3/boot/plexus-classworlds-2.6.0.jar:/snap/intellij-idea-ultimate/228/plugins/maven/lib/maven3/boot/plexus-classworlds.license
Launcher Type: SUN_STANDARD

[Global flags]
     intx CICompilerCount                          = 4                                         {product} {ergonomic}
     uint ConcGCThreads                            = 2                                         {product} {ergonomic}
     uint G1ConcRefinementThreads                  = 8                                         {product} {ergonomic}
   size_t G1HeapRegionSize                         = 1048576                                   {product} {ergonomic}
    uintx GCDrainStackTargetSize                   = 64                                        {product} {ergonomic}
   size_t InitialHeapSize                          = 260046848                                 {product} {ergonomic}
   size_t MarkStackSize                            = 4194304                                   {product} {ergonomic}
   size_t MaxHeapSize                              = 4133486592                                {product} {ergonomic}
   size_t MaxNewSize                               = 2479882240                                {product} {ergonomic}
   size_t MinHeapDeltaBytes                        = 1048576                                   {product} {ergonomic}
    uintx NonNMethodCodeHeapSize                   = 5836300                                {pd product} {ergonomic}
    uintx NonProfiledCodeHeapSize                  = 122910970                              {pd product} {ergonomic}
    uintx ProfiledCodeHeapSize                     = 122910970                              {pd product} {ergonomic}
    uintx ReservedCodeCacheSize                    = 251658240                              {pd product} {ergonomic}
     bool SegmentedCodeCache                       = true                                      {product} {ergonomic}
     bool UseCompressedClassPointers               = true                                 {lp64_product} {ergonomic}
     bool UseCompressedOops                        = true                                 {lp64_product} {ergonomic}
     bool UseG1GC                                  = true                                      {product} {ergonomic}

Logging:
Log output configuration:
 #0: stdout all=warning uptime,level,tags
 #1: stderr all=off uptime,level,tags

Environment Variables:
JAVA_HOME=/opt/jdk/jdk-11.0.7
PATH=/usr/local/sbin:/usr/local/bin:/usr/sbin:/usr/bin:/sbin:/bin:/usr/games:/usr/local/games:/snap/bin
USERNAME=alex
SHELL=/bin/bash
DISPLAY=:0

Signal Handlers:
SIGSEGV: [libjvm.so+0xe75910], sa_mask[0]=11111111011111111101111111111110, sa_flags=SA_RESTART|SA_SIGINFO
SIGBUS: [libjvm.so+0xe75910], sa_mask[0]=11111111011111111101111111111110, sa_flags=SA_RESTART|SA_SIGINFO
SIGFPE: [libjvm.so+0xe75910], sa_mask[0]=11111111011111111101111111111110, sa_flags=SA_RESTART|SA_SIGINFO
SIGPIPE: [libjvm.so+0xc473a0], sa_mask[0]=11111111011111111101111111111110, sa_flags=SA_RESTART|SA_SIGINFO
SIGXFSZ: [libjvm.so+0xc473a0], sa_mask[0]=11111111011111111101111111111110, sa_flags=SA_RESTART|SA_SIGINFO
SIGILL: [libjvm.so+0xe75910], sa_mask[0]=11111111011111111101111111111110, sa_flags=SA_RESTART|SA_SIGINFO
SIGUSR2: [libjvm.so+0xc47240], sa_mask[0]=00100000000000000000000000000000, sa_flags=SA_RESTART|SA_SIGINFO
SIGHUP: [libjvm.so+0xc475a0], sa_mask[0]=11111111011111111101111111111110, sa_flags=SA_RESTART|SA_SIGINFO
SIGINT: [libjvm.so+0xc475a0], sa_mask[0]=11111111011111111101111111111110, sa_flags=SA_RESTART|SA_SIGINFO
SIGTERM: [libjvm.so+0xc475a0], sa_mask[0]=11111111011111111101111111111110, sa_flags=SA_RESTART|SA_SIGINFO
SIGQUIT: [libjvm.so+0xc475a0], sa_mask[0]=11111111011111111101111111111110, sa_flags=SA_RESTART|SA_SIGINFO


---------------  S Y S T E M  ---------------

OS:DISTRIB_ID=Ubuntu
DISTRIB_RELEASE=20.04
DISTRIB_CODENAME=focal
DISTRIB_DESCRIPTION="Ubuntu 20.04 LTS"
uname:Linux 5.4.0-37-generic #41-Ubuntu SMP Wed Jun 3 18:57:02 UTC 2020 x86_64
libc:glibc 2.31 NPTL 2.31 
rlimit: STACK 8192k, CORE 0k, NPROC 62841, NOFILE 1048576, AS infinity, DATA infinity, FSIZE infinity
load average:1.77 1.88 1.92

/proc/meminfo:
MemTotal:       16143864 kB
MemFree:         8107988 kB
MemAvailable:   11104612 kB
Buffers:          432276 kB
Cached:          3315464 kB
SwapCached:            0 kB
Active:          5530512 kB
Inactive:        1673044 kB
Active(anon):    3783284 kB
Inactive(anon):   278372 kB
Active(file):    1747228 kB
Inactive(file):  1394672 kB
Unevictable:      322740 kB
Mlocked:              48 kB
SwapTotal:       1951740 kB
SwapFree:        1951740 kB
Dirty:               180 kB
Writeback:             0 kB
AnonPages:       3779044 kB
Mapped:           805964 kB
Shmem:            605872 kB
KReclaimable:     197912 kB
Slab:             388192 kB
SReclaimable:     197912 kB
SUnreclaim:       190280 kB
KernelStack:       16736 kB
PageTables:        39916 kB
NFS_Unstable:          0 kB
Bounce:                0 kB
WritebackTmp:          0 kB
CommitLimit:    10023672 kB
Committed_AS:   12150536 kB
VmallocTotal:   34359738367 kB
VmallocUsed:       32948 kB
VmallocChunk:          0 kB
Percpu:             6176 kB
HardwareCorrupted:     0 kB
AnonHugePages:         0 kB
ShmemHugePages:        0 kB
ShmemPmdMapped:        0 kB
FileHugePages:         0 kB
FilePmdMapped:         0 kB
CmaTotal:              0 kB
CmaFree:               0 kB
HugePages_Total:       0
HugePages_Free:        0
HugePages_Rsvd:        0
HugePages_Surp:        0
Hugepagesize:       2048 kB
Hugetlb:               0 kB
DirectMap4k:      353088 kB
DirectMap2M:     9877504 kB
DirectMap1G:     7340032 kB


/proc/sys/kernel/threads-max (system-wide limit on the number of threads):
125683


/proc/sys/vm/max_map_count (maximum number of memory map areas a process may have):
65530


/proc/sys/kernel/pid_max (system-wide limit on number of process identifiers):
4194304



container (cgroup) information:
container_type: cgroupv1
cpu_cpuset_cpus: 0-7
cpu_memory_nodes: 0
active_processor_count: 8
cpu_quota: -1
cpu_period: 100000
cpu_shares: -1
memory_limit_in_bytes: -1
memory_and_swap_limit_in_bytes: -2
memory_soft_limit_in_bytes: -1
memory_usage_in_bytes: 6219378688
memory_max_usage_in_bytes: 6341369856


CPU:total 8 (initial active 8) (4 cores per cpu, 2 threads per core) family 6 model 126 stepping 5, cmov, cx8, fxsr, mmx, sse, sse2, sse3, ssse3, sse4.1, sse4.2, popcnt, avx, avx2, aes, clmul, erms, 3dnowpref, lzcnt, ht, tsc, tscinvbit, bmi1, bmi2, adx, evex, sha, fma
CPU Model and flags from /proc/cpuinfo:
model name	: Intel(R) Core(TM) i7-1065G7 CPU @ 1.30GHz
flags		: fpu vme de pse tsc msr pae mce cx8 apic sep mtrr pge mca cmov pat pse36 clflush dts acpi mmx fxsr sse sse2 ss ht tm pbe syscall nx pdpe1gb rdtscp lm constant_tsc art arch_perfmon pebs bts rep_good nopl xtopology nonstop_tsc cpuid aperfmperf tsc_known_freq pni pclmulqdq dtes64 monitor ds_cpl vmx est tm2 ssse3 sdbg fma cx16 xtpr pdcm pcid sse4_1 sse4_2 x2apic movbe popcnt tsc_deadline_timer aes xsave avx f16c rdrand lahf_lm abm 3dnowprefetch cpuid_fault epb invpcid_single ssbd ibrs ibpb stibp ibrs_enhanced tpr_shadow vnmi flexpriority ept vpid ept_ad fsgsbase tsc_adjust bmi1 avx2 smep bmi2 erms invpcid avx512f avx512dq rdseed adx smap avx512ifma clflushopt intel_pt avx512cd sha_ni avx512bw avx512vl xsaveopt xsavec xgetbv1 xsaves dtherm ida arat pln pts hwp hwp_notify hwp_act_window hwp_epp hwp_pkg_req avx512vbmi umip pku ospke avx512_vbmi2 gfni vaes vpclmulqdq avx512_vnni avx512_bitalg avx512_vpopcntdq rdpid md_clear flush_l1d arch_capabilities

Memory: 4k page, physical 16143864k(8107988k free), swap 1951740k(1951740k free)

vm_info: Java HotSpot(TM) 64-Bit Server VM (11.0.7+8-LTS) for linux-amd64 JRE (11.0.7+8-LTS), built on Mar 12 2020 01:10:24 by "mach5one" with gcc 7.3.0

END.
